12:07:08 PM  [main] 	Initializing Control Panel
12:07:08 PM  [main] 	Windows Version:  Education  64-bit
12:07:08 PM  [main] 	XAMPP Version: 7.2.3
12:07:08 PM  [main] 	Control Panel Version: 3.2.2  [ Compiled: Nov 12th 2015 ]
12:07:08 PM  [main] 	Running with Administrator rights - good!
12:07:08 PM  [main] 	XAMPP Installation Directory: "e:\xampp\"
12:07:08 PM  [main] 	Checking for prerequisites
12:07:33 PM  [main] 	All prerequisites found
12:07:33 PM  [main] 	Initializing Modules
12:07:33 PM  [main] 	Starting Check-Timer
12:07:33 PM  [main] 	Control Panel Ready
12:07:49 PM  [Apache] 	Attempting to start Apache app...
12:07:49 PM  [Apache] 	Status change detected: running
12:07:59 PM  [mysql] 	Attempting to start MySQL app...
12:08:02 PM  [mysql] 	Status change detected: running
12:21:59 PM  [Apache] 	Attempting to stop Apache (PID: 11260)
12:21:59 PM  [Apache] 	Attempting to stop Apache (PID: 7940)
12:21:59 PM  [Apache] 	Status change detected: stopped
12:22:00 PM  [mysql] 	Attempting to stop MySQL app...
12:22:01 PM  [mysql] 	Status change detected: stopped
1:06:31 PM  [Apache] 	Attempting to start Apache app...
1:06:32 PM  [Apache] 	Status change detected: running
1:06:32 PM  [mysql] 	Attempting to start MySQL app...
1:06:35 PM  [mysql] 	Status change detected: running
1:09:46 PM  [Apache] 	Attempting to stop Apache (PID: 13680)
1:09:46 PM  [Apache] 	Attempting to stop Apache (PID: 12684)
1:09:46 PM  [Apache] 	Status change detected: stopped
1:09:47 PM  [mysql] 	Attempting to stop MySQL app...
1:09:47 PM  [mysql] 	Status change detected: stopped
1:10:00 PM  [main] 	Deinitializing Modules
1:10:00 PM  [main] 	Deinitializing Control Panel

4:18:00 PM  [main] 	Initializing Control Panel
4:18:00 PM  [main] 	Windows Version:  Education  64-bit
4:18:00 PM  [main] 	XAMPP Version: 7.2.3
4:18:00 PM  [main] 	Control Panel Version: 3.2.2  [ Compiled: Nov 12th 2015 ]
4:18:00 PM  [main] 	You are not running with administrator rights! This will work for
4:18:00 PM  [main] 	most application stuff but whenever you do something with services
4:18:00 PM  [main] 	there will be a security dialogue or things will break! So think 
4:18:00 PM  [main] 	about running this application with administrator rights!
4:18:00 PM  [main] 	XAMPP Installation Directory: "e:\xampp\"
4:18:00 PM  [main] 	Checking for prerequisites
4:18:09 PM  [main] 	All prerequisites found
4:18:09 PM  [main] 	Initializing Modules
4:18:09 PM  [main] 	Starting Check-Timer
4:18:09 PM  [main] 	Control Panel Ready
4:18:12 PM  [Apache] 	Attempting to start Apache app...
4:18:12 PM  [Apache] 	Status change detected: running
4:18:13 PM  [mysql] 	Attempting to start MySQL app...
4:18:20 PM  [mysql] 	Status change detected: running
4:29:45 PM  [Apache] 	Attempting to stop Apache (PID: 13008)
4:29:45 PM  [Apache] 	Attempting to stop Apache (PID: 1496)
4:29:45 PM  [Apache] 	Status change detected: stopped
4:29:46 PM  [mysql] 	Attempting to stop MySQL app...
4:29:46 PM  [mysql] 	Status change detected: stopped
4:29:49 PM  [Apache] 	Attempting to start Apache app...
4:29:49 PM  [Apache] 	Status change detected: running
4:29:50 PM  [mysql] 	Attempting to start MySQL app...
4:29:52 PM  [mysql] 	Status change detected: running
4:37:11 PM  [Apache] 	Attempting to stop Apache (PID: 4488)
4:37:11 PM  [Apache] 	Attempting to stop Apache (PID: 2512)
4:37:11 PM  [Apache] 	Status change detected: stopped
4:37:12 PM  [Apache] 	Attempting to start Apache app...
4:37:12 PM  [Apache] 	Status change detected: running
5:02:38 PM  [main] 	Deinitializing Modules
5:02:38 PM  [main] 	Deinitializing Control Panel

10:52:57 AM  [main] 	Initializing Control Panel
10:52:58 AM  [main] 	Windows Version:  Education  64-bit
10:52:58 AM  [main] 	XAMPP Version: 7.2.3
10:52:58 AM  [main] 	Control Panel Version: 3.2.2  [ Compiled: Nov 12th 2015 ]
10:52:58 AM  [main] 	You are not running with administrator rights! This will work for
10:52:58 AM  [main] 	most application stuff but whenever you do something with services
10:52:58 AM  [main] 	there will be a security dialogue or things will break! So think 
10:52:58 AM  [main] 	about running this application with administrator rights!
10:52:58 AM  [main] 	XAMPP Installation Directory: "e:\xampp\"
10:52:58 AM  [main] 	Checking for prerequisites
10:53:26 AM  [main] 	All prerequisites found
10:53:26 AM  [main] 	Initializing Modules
10:53:26 AM  [main] 	Starting Check-Timer
10:53:26 AM  [main] 	Control Panel Ready
10:53:28 AM  [Apache] 	Attempting to start Apache app...
10:53:28 AM  [Apache] 	Status change detected: running
10:53:28 AM  [mysql] 	Attempting to start MySQL app...
10:53:39 AM  [mysql] 	Status change detected: running
11:18:59 AM  [Apache] 	Attempting to stop Apache (PID: 11800)
11:18:59 AM  [Apache] 	Attempting to stop Apache (PID: 764)
11:18:59 AM  [mysql] 	Attempting to stop MySQL app...
11:19:09 AM  [Apache] 	Status change detected: stopped
11:19:11 AM  [mysql] 	Status change detected: stopped
11:20:16 AM  [main] 	Deinitializing Modules
11:20:16 AM  [main] 	Deinitializing Control Panel

1:49:27 PM  [main] 	Initializing Control Panel
1:49:27 PM  [main] 	Windows Version:  Education  64-bit
1:49:27 PM  [main] 	XAMPP Version: 7.2.3
1:49:27 PM  [main] 	Control Panel Version: 3.2.2  [ Compiled: Nov 12th 2015 ]
1:49:27 PM  [main] 	You are not running with administrator rights! This will work for
1:49:27 PM  [main] 	most application stuff but whenever you do something with services
1:49:27 PM  [main] 	there will be a security dialogue or things will break! So think 
1:49:27 PM  [main] 	about running this application with administrator rights!
1:49:27 PM  [main] 	XAMPP Installation Directory: "e:\xampp\"
1:49:27 PM  [main] 	Checking for prerequisites
1:50:01 PM  [main] 	All prerequisites found
1:50:01 PM  [main] 	Initializing Modules
1:50:01 PM  [main] 	Starting Check-Timer
1:50:01 PM  [main] 	Control Panel Ready
1:50:06 PM  [main] 	Deinitializing Modules
1:50:06 PM  [main] 	Deinitializing Control Panel

1:50:16 PM  [main] 	Initializing Control Panel
1:50:16 PM  [main] 	Windows Version:  Education  64-bit
1:50:16 PM  [main] 	XAMPP Version: 7.2.3
1:50:16 PM  [main] 	Control Panel Version: 3.2.2  [ Compiled: Nov 12th 2015 ]
1:50:16 PM  [main] 	You are not running with administrator rights! This will work for
1:50:16 PM  [main] 	most application stuff but whenever you do something with services
1:50:16 PM  [main] 	there will be a security dialogue or things will break! So think 
1:50:16 PM  [main] 	about running this application with administrator rights!
1:50:16 PM  [main] 	XAMPP Installation Directory: "e:\xampp\"
1:50:16 PM  [main] 	Checking for prerequisites
1:50:16 PM  [main] 	All prerequisites found
1:50:16 PM  [main] 	Initializing Modules
1:50:16 PM  [main] 	Starting Check-Timer
1:50:16 PM  [main] 	Control Panel Ready
1:50:18 PM  [Apache] 	Attempting to start Apache app...
1:50:18 PM  [Apache] 	Status change detected: running
1:50:19 PM  [mysql] 	Attempting to start MySQL app...
1:50:30 PM  [mysql] 	Status change detected: running
4:05:12 PM  [main] 	Deinitializing Modules
4:05:12 PM  [main] 	Deinitializing Control Panel

7:43:37 PM  [main] 	Initializing Control Panel
7:43:37 PM  [main] 	Windows Version:  Education  64-bit
7:43:37 PM  [main] 	XAMPP Version: 7.2.3
7:43:37 PM  [main] 	Control Panel Version: 3.2.2  [ Compiled: Nov 12th 2015 ]
7:43:37 PM  [main] 	You are not running with administrator rights! This will work for
7:43:37 PM  [main] 	most application stuff but whenever you do something with services
7:43:37 PM  [main] 	there will be a security dialogue or things will break! So think 
7:43:37 PM  [main] 	about running this application with administrator rights!
7:43:37 PM  [main] 	XAMPP Installation Directory: "e:\xampp\"
7:43:37 PM  [main] 	Checking for prerequisites
7:44:06 PM  [main] 	All prerequisites found
7:44:06 PM  [main] 	Initializing Modules
7:44:07 PM  [main] 	Starting Check-Timer
7:44:07 PM  [main] 	Control Panel Ready
7:45:03 PM  [Apache] 	Attempting to start Apache app...
7:45:03 PM  [Apache] 	Status change detected: running
7:45:04 PM  [mysql] 	Attempting to start MySQL app...
7:45:21 PM  [mysql] 	Status change detected: running
10:25:47 PM  [Apache] 	Status change detected: stopped
10:25:47 PM  [Apache] 	Error: Apache shutdown unexpectedly.
10:25:47 PM  [Apache] 	This may be due to a blocked port, missing dependencies, 
10:25:47 PM  [Apache] 	improper privileges, a crash, or a shutdown by another method.
10:25:47 PM  [Apache] 	Press the Logs button to view error logs and check
10:25:47 PM  [Apache] 	the Windows Event Viewer for more clues
10:25:47 PM  [Apache] 	If you need more help, copy and post this
10:25:47 PM  [Apache] 	entire log window on the forums
10:25:47 PM  [mysql] 	Status change detected: stopped
10:25:47 PM  [mysql] 	Error: MySQL shutdown unexpectedly.
10:25:47 PM  [mysql] 	This may be due to a blocked port, missing dependencies, 
10:25:47 PM  [mysql] 	improper privileges, a crash, or a shutdown by another method.
10:25:47 PM  [mysql] 	Press the Logs button to view error logs and check
10:25:47 PM  [mysql] 	the Windows Event Viewer for more clues
10:25:47 PM  [mysql] 	If you need more help, copy and post this
10:25:47 PM  [mysql] 	entire log window on the forums
10:25:47 PM  [main] 	Deinitializing Modules
10:25:47 PM  [main] 	Deinitializing Control Panel

10:53:35 AM  [main] 	Initializing Control Panel
10:53:35 AM  [main] 	Windows Version:  Education  64-bit
10:53:35 AM  [main] 	XAMPP Version: 7.2.3
10:53:35 AM  [main] 	Control Panel Version: 3.2.2  [ Compiled: Nov 12th 2015 ]
10:53:35 AM  [main] 	You are not running with administrator rights! This will work for
10:53:35 AM  [main] 	most application stuff but whenever you do something with services
10:53:35 AM  [main] 	there will be a security dialogue or things will break! So think 
10:53:35 AM  [main] 	about running this application with administrator rights!
10:53:35 AM  [main] 	XAMPP Installation Directory: "e:\xampp\"
10:53:35 AM  [main] 	Checking for prerequisites
10:54:12 AM  [main] 	All prerequisites found
10:54:12 AM  [main] 	Initializing Modules
10:54:12 AM  [main] 	Starting Check-Timer
10:54:12 AM  [main] 	Control Panel Ready
10:54:15 AM  [mysql] 	Attempting to start MySQL app...
10:54:27 AM  [mysql] 	Status change detected: running
10:55:07 AM  [Apache] 	Attempting to start Apache app...
10:55:08 AM  [Apache] 	Status change detected: running
4:01:40 PM  [main] 	Deinitializing Modules
4:01:40 PM  [main] 	Deinitializing Control Panel

9:09:51 PM  [main] 	Initializing Control Panel
9:09:51 PM  [main] 	Windows Version:  Education  64-bit
9:09:51 PM  [main] 	XAMPP Version: 7.2.3
9:09:51 PM  [main] 	Control Panel Version: 3.2.2  [ Compiled: Nov 12th 2015 ]
9:09:51 PM  [main] 	You are not running with administrator rights! This will work for
9:09:51 PM  [main] 	most application stuff but whenever you do something with services
9:09:51 PM  [main] 	there will be a security dialogue or things will break! So think 
9:09:51 PM  [main] 	about running this application with administrator rights!
9:09:51 PM  [main] 	XAMPP Installation Directory: "e:\xampp\"
9:09:51 PM  [main] 	Checking for prerequisites
9:10:16 PM  [main] 	All prerequisites found
9:10:16 PM  [main] 	Initializing Modules
9:10:16 PM  [main] 	Starting Check-Timer
9:10:16 PM  [main] 	Control Panel Ready
11:14:20 PM  [main] 	Deinitializing Modules
11:14:20 PM  [main] 	Deinitializing Control Panel

9:28:55 AM  [main] 	Initializing Control Panel
9:28:55 AM  [main] 	Windows Version:  Education  64-bit
9:28:55 AM  [main] 	XAMPP Version: 7.2.3
9:28:55 AM  [main] 	Control Panel Version: 3.2.2  [ Compiled: Nov 12th 2015 ]
9:28:55 AM  [main] 	You are not running with administrator rights! This will work for
9:28:55 AM  [main] 	most application stuff but whenever you do something with services
9:28:55 AM  [main] 	there will be a security dialogue or things will break! So think 
9:28:55 AM  [main] 	about running this application with administrator rights!
9:28:55 AM  [main] 	XAMPP Installation Directory: "e:\xampp\"
9:28:55 AM  [main] 	Checking for prerequisites
9:29:03 AM  [main] 	All prerequisites found
9:29:03 AM  [main] 	Initializing Modules
9:29:03 AM  [main] 	Starting Check-Timer
9:29:03 AM  [main] 	Control Panel Ready
9:29:26 AM  [Apache] 	Attempting to start Apache app...
9:29:26 AM  [Apache] 	Status change detected: running
9:29:27 AM  [mysql] 	Attempting to start MySQL app...
9:29:35 AM  [mysql] 	Status change detected: running
4:55:02 PM  [main] 	Deinitializing Modules
4:55:03 PM  [main] 	Deinitializing Control Panel

7:16:05 PM  [main] 	Initializing Control Panel
7:16:05 PM  [main] 	Windows Version:  Education  64-bit
7:16:05 PM  [main] 	XAMPP Version: 7.2.3
7:16:05 PM  [main] 	Control Panel Version: 3.2.2  [ Compiled: Nov 12th 2015 ]
7:16:05 PM  [main] 	You are not running with administrator rights! This will work for
7:16:05 PM  [main] 	most application stuff but whenever you do something with services
7:16:05 PM  [main] 	there will be a security dialogue or things will break! So think 
7:16:05 PM  [main] 	about running this application with administrator rights!
7:16:05 PM  [main] 	XAMPP Installation Directory: "e:\xampp\"
7:16:05 PM  [main] 	Checking for prerequisites
7:16:35 PM  [main] 	All prerequisites found
7:16:35 PM  [main] 	Initializing Modules
7:16:35 PM  [main] 	Starting Check-Timer
7:16:35 PM  [main] 	Control Panel Ready
7:16:42 PM  [Apache] 	Attempting to start Apache app...
7:16:42 PM  [Apache] 	Status change detected: running
7:16:42 PM  [mysql] 	Attempting to start MySQL app...
7:16:49 PM  [mysql] 	Status change detected: running
8:06:05 PM  [Apache] 	Attempting to stop Apache (PID: 1196)
8:06:05 PM  [Apache] 	Attempting to stop Apache (PID: 4984)
8:06:06 PM  [Apache] 	Status change detected: stopped
8:06:06 PM  [mysql] 	Attempting to stop MySQL app...
8:06:09 PM  [mysql] 	Status change detected: stopped
8:06:35 PM  [Apache] 	Attempting to start Apache app...
8:06:35 PM  [Apache] 	Status change detected: running
8:06:35 PM  [mysql] 	Attempting to start MySQL app...
8:06:44 PM  [mysql] 	Status change detected: running
8:40:08 PM  [Apache] 	Attempting to stop Apache (PID: 11376)
8:40:08 PM  [Apache] 	Attempting to stop Apache (PID: 5916)
8:40:09 PM  [Apache] 	Status change detected: stopped
8:40:09 PM  [mysql] 	Attempting to stop MySQL app...
8:40:10 PM  [mysql] 	Status change detected: stopped
8:49:03 PM  [Apache] 	Attempting to start Apache app...
8:49:03 PM  [Apache] 	Status change detected: running
8:49:03 PM  [mysql] 	Attempting to start MySQL app...
8:49:03 PM  [mysql] 	Status change detected: running
10:21:16 PM  [mysql] 	Attempting to stop MySQL app...
10:21:18 PM  [Apache] 	Attempting to stop Apache (PID: 8976)
10:21:18 PM  [Apache] 	Attempting to stop Apache (PID: 7560)
10:21:18 PM  [Apache] 	Status change detected: stopped
10:21:19 PM  [mysql] 	Status change detected: stopped
10:21:42 PM  [main] 	Deinitializing Modules
10:21:43 PM  [main] 	Deinitializing Control Panel

3:44:53 PM  [main] 	Initializing Control Panel
3:44:53 PM  [main] 	Windows Version:  Education  64-bit
3:44:53 PM  [main] 	XAMPP Version: 7.2.3
3:44:53 PM  [main] 	Control Panel Version: 3.2.2  [ Compiled: Nov 12th 2015 ]
3:44:53 PM  [main] 	You are not running with administrator rights! This will work for
3:44:53 PM  [main] 	most application stuff but whenever you do something with services
3:44:53 PM  [main] 	there will be a security dialogue or things will break! So think 
3:44:53 PM  [main] 	about running this application with administrator rights!
3:44:53 PM  [main] 	XAMPP Installation Directory: "e:\xampp\"
3:44:53 PM  [main] 	Checking for prerequisites
3:45:22 PM  [main] 	All prerequisites found
3:45:22 PM  [main] 	Initializing Modules
3:45:22 PM  [main] 	Starting Check-Timer
3:45:22 PM  [main] 	Control Panel Ready
3:45:40 PM  [Apache] 	Attempting to start Apache app...
3:45:41 PM  [Apache] 	Status change detected: running
3:45:41 PM  [mysql] 	Attempting to start MySQL app...
3:45:49 PM  [mysql] 	Status change detected: running
4:37:57 PM  [main] 	Deinitializing Modules
4:37:57 PM  [main] 	Deinitializing Control Panel

11:25:17 AM  [main] 	Initializing Control Panel
11:25:17 AM  [main] 	Windows Version:  Education  64-bit
11:25:17 AM  [main] 	XAMPP Version: 7.2.3
11:25:17 AM  [main] 	Control Panel Version: 3.2.2  [ Compiled: Nov 12th 2015 ]
11:25:17 AM  [main] 	You are not running with administrator rights! This will work for
11:25:17 AM  [main] 	most application stuff but whenever you do something with services
11:25:17 AM  [main] 	there will be a security dialogue or things will break! So think 
11:25:17 AM  [main] 	about running this application with administrator rights!
11:25:17 AM  [main] 	XAMPP Installation Directory: "e:\xampp\"
11:25:17 AM  [main] 	Checking for prerequisites
11:25:39 AM  [main] 	All prerequisites found
11:25:39 AM  [main] 	Initializing Modules
11:25:40 AM  [main] 	Starting Check-Timer
11:25:40 AM  [main] 	Control Panel Ready
11:26:24 AM  [Apache] 	Attempting to start Apache app...
11:26:24 AM  [Apache] 	Status change detected: running
11:26:25 AM  [mysql] 	Attempting to start MySQL app...
11:26:41 AM  [mysql] 	Status change detected: running
12:00:49 PM  [Apache] 	Status change detected: stopped
12:00:49 PM  [Apache] 	Error: Apache shutdown unexpectedly.
12:00:49 PM  [Apache] 	This may be due to a blocked port, missing dependencies, 
12:00:49 PM  [Apache] 	improper privileges, a crash, or a shutdown by another method.
12:00:49 PM  [Apache] 	Press the Logs button to view error logs and check
12:00:49 PM  [Apache] 	the Windows Event Viewer for more clues
12:00:49 PM  [Apache] 	If you need more help, copy and post this
12:00:49 PM  [Apache] 	entire log window on the forums
12:00:49 PM  [mysql] 	Status change detected: stopped
12:00:49 PM  [mysql] 	Error: MySQL shutdown unexpectedly.
12:00:49 PM  [mysql] 	This may be due to a blocked port, missing dependencies, 
12:00:49 PM  [mysql] 	improper privileges, a crash, or a shutdown by another method.
12:00:49 PM  [mysql] 	Press the Logs button to view error logs and check
12:00:49 PM  [mysql] 	the Windows Event Viewer for more clues
12:00:49 PM  [mysql] 	If you need more help, copy and post this
12:00:49 PM  [mysql] 	entire log window on the forums
12:00:49 PM  [main] 	Deinitializing Modules
12:00:49 PM  [main] 	Deinitializing Control Panel

8:23:30 PM  [main] 	Initializing Control Panel
8:23:30 PM  [main] 	Windows Version:  Education  64-bit
8:23:30 PM  [main] 	XAMPP Version: 7.2.3
8:23:30 PM  [main] 	Control Panel Version: 3.2.2  [ Compiled: Nov 12th 2015 ]
8:23:30 PM  [main] 	You are not running with administrator rights! This will work for
8:23:30 PM  [main] 	most application stuff but whenever you do something with services
8:23:30 PM  [main] 	there will be a security dialogue or things will break! So think 
8:23:30 PM  [main] 	about running this application with administrator rights!
8:23:30 PM  [main] 	XAMPP Installation Directory: "e:\xampp\"
8:23:30 PM  [main] 	Checking for prerequisites
8:24:02 PM  [main] 	All prerequisites found
8:24:02 PM  [main] 	Initializing Modules
8:24:02 PM  [main] 	Starting Check-Timer
8:24:02 PM  [main] 	Control Panel Ready
8:24:04 PM  [Apache] 	Attempting to start Apache app...
8:24:05 PM  [Apache] 	Status change detected: running
8:24:05 PM  [mysql] 	Attempting to start MySQL app...
8:24:13 PM  [mysql] 	Status change detected: running
9:00:52 PM  [main] 	Deinitializing Modules
9:00:52 PM  [main] 	Deinitializing Control Panel

9:50:15 AM  [main] 	Initializing Control Panel
9:50:15 AM  [main] 	Windows Version:  Education  64-bit
9:50:15 AM  [main] 	XAMPP Version: 7.2.3
9:50:15 AM  [main] 	Control Panel Version: 3.2.2  [ Compiled: Nov 12th 2015 ]
9:50:15 AM  [main] 	You are not running with administrator rights! This will work for
9:50:15 AM  [main] 	most application stuff but whenever you do something with services
9:50:15 AM  [main] 	there will be a security dialogue or things will break! So think 
9:50:15 AM  [main] 	about running this application with administrator rights!
9:50:15 AM  [main] 	XAMPP Installation Directory: "e:\xampp\"
9:50:15 AM  [main] 	Checking for prerequisites
9:50:46 AM  [main] 	All prerequisites found
9:50:46 AM  [main] 	Initializing Modules
9:50:47 AM  [main] 	Starting Check-Timer
9:50:47 AM  [main] 	Control Panel Ready
9:50:49 AM  [Apache] 	Attempting to start Apache app...
9:50:49 AM  [Apache] 	Status change detected: running
9:50:50 AM  [mysql] 	Attempting to start MySQL app...
9:50:57 AM  [mysql] 	Status change detected: running
6:48:39 PM  [Apache] 	Attempting to stop Apache (PID: 5848)
6:48:40 PM  [Apache] 	Attempting to stop Apache (PID: 6580)
6:48:41 PM  [mysql] 	Attempting to stop MySQL app...
6:49:23 PM  [Apache] 	Status change detected: stopped
6:49:27 PM  [main] 	Deinitializing Modules
6:49:27 PM  [main] 	Deinitializing Control Panel

2:39:28 PM  [main] 	Initializing Control Panel
2:39:28 PM  [main] 	Windows Version:  Education  64-bit
2:39:28 PM  [main] 	XAMPP Version: 7.2.3
2:39:28 PM  [main] 	Control Panel Version: 3.2.2  [ Compiled: Nov 12th 2015 ]
2:39:28 PM  [main] 	You are not running with administrator rights! This will work for
2:39:28 PM  [main] 	most application stuff but whenever you do something with services
2:39:28 PM  [main] 	there will be a security dialogue or things will break! So think 
2:39:28 PM  [main] 	about running this application with administrator rights!
2:39:28 PM  [main] 	XAMPP Installation Directory: "e:\xampp\"
2:39:28 PM  [main] 	Checking for prerequisites
2:41:09 PM  [main] 	All prerequisites found
2:41:09 PM  [main] 	Initializing Modules
2:41:09 PM  [main] 	Starting Check-Timer
2:41:09 PM  [main] 	Control Panel Ready
2:41:28 PM  [Apache] 	Attempting to start Apache app...
2:41:29 PM  [Apache] 	Status change detected: running
2:41:29 PM  [mysql] 	Attempting to start MySQL app...
2:41:41 PM  [mysql] 	Status change detected: running
10:25:23 PM  [mysql] 	Attempting to stop MySQL app...
10:25:52 PM  [Apache] 	Attempting to stop Apache (PID: 10176)
10:25:53 PM  [Apache] 	Attempting to stop Apache (PID: 11360)
10:25:58 PM  [mysql] 	Status change detected: stopped
10:25:59 PM  [Apache] 	Status change detected: stopped
10:26:04 PM  [main] 	Deinitializing Modules
10:26:04 PM  [main] 	Deinitializing Control Panel

3:11:12 PM  [main] 	Initializing Control Panel
3:11:12 PM  [main] 	Windows Version:  Education  64-bit
3:11:12 PM  [main] 	XAMPP Version: 7.2.3
3:11:12 PM  [main] 	Control Panel Version: 3.2.2  [ Compiled: Nov 12th 2015 ]
3:11:12 PM  [main] 	You are not running with administrator rights! This will work for
3:11:12 PM  [main] 	most application stuff but whenever you do something with services
3:11:12 PM  [main] 	there will be a security dialogue or things will break! So think 
3:11:12 PM  [main] 	about running this application with administrator rights!
3:11:12 PM  [main] 	XAMPP Installation Directory: "e:\xampp\"
3:11:12 PM  [main] 	Checking for prerequisites
3:11:48 PM  [main] 	All prerequisites found
3:11:48 PM  [main] 	Initializing Modules
3:11:49 PM  [main] 	Starting Check-Timer
3:11:49 PM  [main] 	Control Panel Ready
3:12:09 PM  [mysql] 	Attempting to start MySQL app...
3:12:12 PM  [Apache] 	Attempting to start Apache app...
3:12:13 PM  [Apache] 	Attempting to start Apache app...
3:12:13 PM  [Apache] 	Status change detected: running
3:12:13 PM  [mysql] 	Status change detected: running
5:52:31 PM  [Apache] 	Attempting to stop Apache (PID: 1920)
5:52:31 PM  [Apache] 	Attempting to stop Apache (PID: 10676)
5:52:31 PM  [Apache] 	Status change detected: stopped
5:52:32 PM  [mysql] 	Attempting to stop MySQL app...
5:52:33 PM  [mysql] 	Status change detected: stopped
5:52:55 PM  [main] 	Deinitializing Modules
5:52:56 PM  [main] 	Deinitializing Control Panel

10:50:40 AM  [main] 	Initializing Control Panel
10:50:40 AM  [main] 	Windows Version:  Education  64-bit
10:50:40 AM  [main] 	XAMPP Version: 7.2.3
10:50:40 AM  [main] 	Control Panel Version: 3.2.2  [ Compiled: Nov 12th 2015 ]
10:50:40 AM  [main] 	You are not running with administrator rights! This will work for
10:50:40 AM  [main] 	most application stuff but whenever you do something with services
10:50:40 AM  [main] 	there will be a security dialogue or things will break! So think 
10:50:40 AM  [main] 	about running this application with administrator rights!
10:50:40 AM  [main] 	XAMPP Installation Directory: "e:\xampp\"
10:50:40 AM  [main] 	Checking for prerequisites
10:50:45 AM  [main] 	All prerequisites found
10:50:45 AM  [main] 	Initializing Modules
10:50:48 AM  [main] 	Starting Check-Timer
10:50:48 AM  [main] 	Control Panel Ready
10:50:55 AM  [Apache] 	Attempting to start Apache app...
10:50:56 AM  [mysql] 	Attempting to start MySQL app...
10:51:20 AM  [Apache] 	Status change detected: running
10:51:20 AM  [mysql] 	Status change detected: running
11:09:55 AM  [Apache] 	Attempting to stop Apache (PID: 2384)
11:09:55 AM  [Apache] 	Attempting to stop Apache (PID: 11328)
11:09:55 AM  [Apache] 	Status change detected: stopped
11:09:56 AM  [mysql] 	Attempting to stop MySQL app...
11:09:56 AM  [mysql] 	Status change detected: stopped
11:09:57 AM  [mysql] 	Attempting to start MySQL app...
11:09:58 AM  [Apache] 	Attempting to start Apache app...
11:09:58 AM  [Apache] 	Status change detected: running
11:09:58 AM  [mysql] 	Status change detected: running
11:11:00 AM  [main] 	Deinitializing Modules
11:11:00 AM  [main] 	Deinitializing Control Panel

4:11:47 PM  [main] 	Initializing Control Panel
4:11:47 PM  [main] 	Windows Version:  Education  64-bit
4:11:47 PM  [main] 	XAMPP Version: 7.2.3
4:11:47 PM  [main] 	Control Panel Version: 3.2.2  [ Compiled: Nov 12th 2015 ]
4:11:47 PM  [main] 	You are not running with administrator rights! This will work for
4:11:47 PM  [main] 	most application stuff but whenever you do something with services
4:11:47 PM  [main] 	there will be a security dialogue or things will break! So think 
4:11:47 PM  [main] 	about running this application with administrator rights!
4:11:47 PM  [main] 	XAMPP Installation Directory: "e:\xampp\"
4:11:48 PM  [main] 	Checking for prerequisites
4:12:18 PM  [main] 	All prerequisites found
4:12:18 PM  [main] 	Initializing Modules
4:12:18 PM  [main] 	Starting Check-Timer
4:12:18 PM  [main] 	Control Panel Ready
4:14:51 PM  [Apache] 	Attempting to start Apache app...
4:14:51 PM  [Apache] 	Status change detected: running
4:14:52 PM  [mysql] 	Attempting to start MySQL app...
4:15:01 PM  [mysql] 	Status change detected: running
4:28:50 PM  [Apache] 	Attempting to stop Apache (PID: 1592)
4:28:50 PM  [Apache] 	Attempting to stop Apache (PID: 8084)
4:28:50 PM  [Apache] 	Status change detected: stopped
4:28:50 PM  [mysql] 	Attempting to stop MySQL app...
4:28:51 PM  [mysql] 	Status change detected: stopped
4:29:43 PM  [Apache] 	Attempting to start Apache app...
4:29:43 PM  [Apache] 	Status change detected: running
4:29:43 PM  [mysql] 	Attempting to start MySQL app...
4:29:43 PM  [mysql] 	Status change detected: running
4:30:19 PM  [Apache] 	Attempting to stop Apache (PID: 1040)
4:30:19 PM  [Apache] 	Attempting to stop Apache (PID: 5384)
4:30:19 PM  [Apache] 	Status change detected: stopped
4:30:19 PM  [mysql] 	Attempting to stop MySQL app...
4:30:19 PM  [mysql] 	Status change detected: stopped
4:30:20 PM  [main] 	Deinitializing Modules
4:30:20 PM  [main] 	Deinitializing Control Panel

4:30:25 PM  [main] 	Initializing Control Panel
4:30:25 PM  [main] 	Windows Version:  Education  64-bit
4:30:25 PM  [main] 	XAMPP Version: 7.2.3
4:30:25 PM  [main] 	Control Panel Version: 3.2.2  [ Compiled: Nov 12th 2015 ]
4:30:25 PM  [main] 	You are not running with administrator rights! This will work for
4:30:25 PM  [main] 	most application stuff but whenever you do something with services
4:30:25 PM  [main] 	there will be a security dialogue or things will break! So think 
4:30:25 PM  [main] 	about running this application with administrator rights!
4:30:25 PM  [main] 	XAMPP Installation Directory: "e:\xampp\"
4:30:25 PM  [main] 	Checking for prerequisites
4:30:25 PM  [main] 	All prerequisites found
4:30:25 PM  [main] 	Initializing Modules
4:30:25 PM  [main] 	Starting Check-Timer
4:30:25 PM  [main] 	Control Panel Ready
4:30:26 PM  [Apache] 	Attempting to start Apache app...
4:30:26 PM  [Apache] 	Status change detected: running
4:30:26 PM  [mysql] 	Attempting to start MySQL app...
4:30:27 PM  [mysql] 	Status change detected: running
4:43:51 PM  [main] 	Deinitializing Modules
4:43:51 PM  [main] 	Deinitializing Control Panel

6:35:29 PM  [main] 	Initializing Control Panel
6:35:29 PM  [main] 	Windows Version:  Education  64-bit
6:35:29 PM  [main] 	XAMPP Version: 7.2.3
6:35:29 PM  [main] 	Control Panel Version: 3.2.2  [ Compiled: Nov 12th 2015 ]
6:35:29 PM  [main] 	You are not running with administrator rights! This will work for
6:35:29 PM  [main] 	most application stuff but whenever you do something with services
6:35:29 PM  [main] 	there will be a security dialogue or things will break! So think 
6:35:29 PM  [main] 	about running this application with administrator rights!
6:35:29 PM  [main] 	XAMPP Installation Directory: "e:\xampp\"
6:35:29 PM  [main] 	Checking for prerequisites
6:36:10 PM  [main] 	All prerequisites found
6:36:10 PM  [main] 	Initializing Modules
6:36:12 PM  [main] 	Starting Check-Timer
6:36:12 PM  [main] 	Control Panel Ready
6:36:17 PM  [Apache] 	Attempting to start Apache app...
6:36:18 PM  [Apache] 	Status change detected: running
6:36:19 PM  [mysql] 	Attempting to start MySQL app...
6:36:44 PM  [mysql] 	Status change detected: running
7:03:00 PM  [mysql] 	Attempting to stop MySQL app...
7:03:00 PM  [mysql] 	Status change detected: stopped
7:03:14 PM  [mysql] 	Attempting to start MySQL app...
7:03:14 PM  [mysql] 	Status change detected: running
8:13:22 PM  [Apache] 	Attempting to stop Apache (PID: 5384)
8:13:22 PM  [Apache] 	Attempting to stop Apache (PID: 3172)
8:13:23 PM  [Apache] 	Status change detected: stopped
8:13:23 PM  [mysql] 	Attempting to stop MySQL app...
8:13:23 PM  [mysql] 	Status change detected: stopped
8:13:54 PM  [Apache] 	Attempting to start Apache app...
8:13:54 PM  [Apache] 	Status change detected: running
8:13:54 PM  [mysql] 	Attempting to start MySQL app...
8:13:55 PM  [mysql] 	Status change detected: running
8:20:35 PM  [mysql] 	Attempting to stop MySQL app...
8:20:35 PM  [mysql] 	Status change detected: stopped
8:21:17 PM  [mysql] 	Attempting to start MySQL app...
8:21:17 PM  [mysql] 	Status change detected: running
8:24:24 PM  [mysql] 	Attempting to stop MySQL app...
8:24:24 PM  [mysql] 	Status change detected: stopped
8:24:53 PM  [mysql] 	Attempting to start MySQL app...
8:24:53 PM  [mysql] 	Status change detected: running
8:45:11 PM  [mysql] 	Attempting to stop MySQL app...
8:45:12 PM  [mysql] 	Status change detected: stopped
9:11:03 PM  [mysql] 	Attempting to start MySQL app...
9:11:04 PM  [mysql] 	Status change detected: running
10:45:35 PM  [main] 	Deinitializing Modules
10:45:35 PM  [main] 	Deinitializing Control Panel

