[Mon Apr 02 11:55:19.084733 2018] [ssl:warn] [pid 5844:tid 208] AH01909: www.example.com:443:0 server certificate does NOT include an ID which matches the server name
[Mon Apr 02 11:55:19.411289 2018] [ssl:warn] [pid 5844:tid 208] AH01909: www.example.com:443:0 server certificate does NOT include an ID which matches the server name
[Mon Apr 02 11:55:20.531747 2018] [mpm_winnt:notice] [pid 5844:tid 208] AH00455: Apache/2.4.29 (Win32) OpenSSL/1.1.0g PHP/7.2.3 configured -- resuming normal operations
[Mon Apr 02 11:55:20.532251 2018] [mpm_winnt:notice] [pid 5844:tid 208] AH00456: Apache Lounge VC15 Server built: Nov  3 2017 10:30:36
[Mon Apr 02 11:55:20.532251 2018] [core:notice] [pid 5844:tid 208] AH00094: Command line: 'E:\\xampp\\apache\\bin\\httpd.exe -d E:/xampp/apache'
[Mon Apr 02 11:55:20.733602 2018] [mpm_winnt:notice] [pid 5844:tid 208] AH00418: Parent: Created child process 10200
[Mon Apr 02 11:55:21.236214 2018] [ssl:warn] [pid 10200:tid 672] AH01909: www.example.com:443:0 server certificate does NOT include an ID which matches the server name
[Mon Apr 02 11:55:21.392008 2018] [ssl:warn] [pid 10200:tid 672] AH01909: www.example.com:443:0 server certificate does NOT include an ID which matches the server name
[Mon Apr 02 11:55:21.915310 2018] [mpm_winnt:notice] [pid 10200:tid 672] AH00354: Child: Starting 150 worker threads.
[Mon Apr 02 12:07:50.251156 2018] [ssl:warn] [pid 11260:tid 652] AH01909: www.example.com:443:0 server certificate does NOT include an ID which matches the server name
[Mon Apr 02 12:07:50.416773 2018] [ssl:warn] [pid 11260:tid 652] AH01909: www.example.com:443:0 server certificate does NOT include an ID which matches the server name
[Mon Apr 02 12:07:50.450797 2018] [mpm_winnt:notice] [pid 11260:tid 652] AH00455: Apache/2.4.29 (Win32) OpenSSL/1.1.0g PHP/7.2.3 configured -- resuming normal operations
[Mon Apr 02 12:07:50.451297 2018] [mpm_winnt:notice] [pid 11260:tid 652] AH00456: Apache Lounge VC15 Server built: Nov  3 2017 10:30:36
[Mon Apr 02 12:07:50.451297 2018] [core:notice] [pid 11260:tid 652] AH00094: Command line: 'e:\\xampp\\apache\\bin\\httpd.exe -d E:/xampp/apache'
[Mon Apr 02 12:07:50.498333 2018] [mpm_winnt:notice] [pid 11260:tid 652] AH00418: Parent: Created child process 7940
[Mon Apr 02 12:07:50.945697 2018] [ssl:warn] [pid 7940:tid 708] AH01909: www.example.com:443:0 server certificate does NOT include an ID which matches the server name
[Mon Apr 02 12:07:51.013307 2018] [ssl:warn] [pid 7940:tid 708] AH01909: www.example.com:443:0 server certificate does NOT include an ID which matches the server name
[Mon Apr 02 12:07:51.044829 2018] [mpm_winnt:notice] [pid 7940:tid 708] AH00354: Child: Starting 150 worker threads.
[Mon Apr 02 13:06:32.780456 2018] [ssl:warn] [pid 13680:tid 672] AH01909: www.example.com:443:0 server certificate does NOT include an ID which matches the server name
[Mon Apr 02 13:06:32.865791 2018] [core:warn] [pid 13680:tid 672] AH00098: pid file E:/xampp/apache/logs/httpd.pid overwritten -- Unclean shutdown of previous Apache run?
[Mon Apr 02 13:06:32.871295 2018] [ssl:warn] [pid 13680:tid 672] AH01909: www.example.com:443:0 server certificate does NOT include an ID which matches the server name
PHP Warning:  Module 'fileinfo' already loaded in Unknown on line 0
[Mon Apr 02 13:06:32.902104 2018] [mpm_winnt:notice] [pid 13680:tid 672] AH00455: Apache/2.4.29 (Win32) OpenSSL/1.1.0g PHP/7.2.3 configured -- resuming normal operations
[Mon Apr 02 13:06:32.902104 2018] [mpm_winnt:notice] [pid 13680:tid 672] AH00456: Apache Lounge VC15 Server built: Nov  3 2017 10:30:36
[Mon Apr 02 13:06:32.902104 2018] [core:notice] [pid 13680:tid 672] AH00094: Command line: 'e:\\xampp\\apache\\bin\\httpd.exe -d E:/xampp/apache'
[Mon Apr 02 13:06:33.020678 2018] [mpm_winnt:notice] [pid 13680:tid 672] AH00418: Parent: Created child process 12684
[Mon Apr 02 13:06:33.400979 2018] [ssl:warn] [pid 12684:tid 656] AH01909: www.example.com:443:0 server certificate does NOT include an ID which matches the server name
[Mon Apr 02 13:06:33.478669 2018] [ssl:warn] [pid 12684:tid 656] AH01909: www.example.com:443:0 server certificate does NOT include an ID which matches the server name
PHP Warning:  Module 'fileinfo' already loaded in Unknown on line 0
[Mon Apr 02 13:06:33.510671 2018] [mpm_winnt:notice] [pid 12684:tid 656] AH00354: Child: Starting 150 worker threads.
[Mon Apr 02 16:18:19.030607 2018] [ssl:warn] [pid 13008:tid 664] AH01909: www.example.com:443:0 server certificate does NOT include an ID which matches the server name
[Mon Apr 02 16:18:19.122612 2018] [core:warn] [pid 13008:tid 664] AH00098: pid file E:/xampp/apache/logs/httpd.pid overwritten -- Unclean shutdown of previous Apache run?
[Mon Apr 02 16:18:19.130613 2018] [ssl:warn] [pid 13008:tid 664] AH01909: www.example.com:443:0 server certificate does NOT include an ID which matches the server name
PHP Warning:  Module 'fileinfo' already loaded in Unknown on line 0
[Mon Apr 02 16:18:20.418702 2018] [mpm_winnt:notice] [pid 13008:tid 664] AH00455: Apache/2.4.29 (Win32) OpenSSL/1.1.0g PHP/7.2.3 configured -- resuming normal operations
[Mon Apr 02 16:18:20.418702 2018] [mpm_winnt:notice] [pid 13008:tid 664] AH00456: Apache Lounge VC15 Server built: Nov  3 2017 10:30:36
[Mon Apr 02 16:18:20.418702 2018] [core:notice] [pid 13008:tid 664] AH00094: Command line: 'e:\\xampp\\apache\\bin\\httpd.exe -d E:/xampp/apache'
[Mon Apr 02 16:18:20.852717 2018] [mpm_winnt:notice] [pid 13008:tid 664] AH00418: Parent: Created child process 1496
[Mon Apr 02 16:18:21.521100 2018] [ssl:warn] [pid 1496:tid 604] AH01909: www.example.com:443:0 server certificate does NOT include an ID which matches the server name
[Mon Apr 02 16:18:21.655343 2018] [ssl:warn] [pid 1496:tid 604] AH01909: www.example.com:443:0 server certificate does NOT include an ID which matches the server name
PHP Warning:  Module 'fileinfo' already loaded in Unknown on line 0
[Mon Apr 02 16:18:21.687297 2018] [mpm_winnt:notice] [pid 1496:tid 604] AH00354: Child: Starting 150 worker threads.
[Mon Apr 02 16:29:50.426166 2018] [ssl:warn] [pid 4488:tid 200] AH01909: www.example.com:443:0 server certificate does NOT include an ID which matches the server name
[Mon Apr 02 16:29:50.508222 2018] [core:warn] [pid 4488:tid 200] AH00098: pid file E:/xampp/apache/logs/httpd.pid overwritten -- Unclean shutdown of previous Apache run?
[Mon Apr 02 16:29:50.515226 2018] [ssl:warn] [pid 4488:tid 200] AH01909: www.example.com:443:0 server certificate does NOT include an ID which matches the server name
PHP Warning:  Module 'fileinfo' already loaded in Unknown on line 0
[Mon Apr 02 16:29:50.556257 2018] [mpm_winnt:notice] [pid 4488:tid 200] AH00455: Apache/2.4.29 (Win32) OpenSSL/1.1.0g PHP/7.2.3 configured -- resuming normal operations
[Mon Apr 02 16:29:50.556257 2018] [mpm_winnt:notice] [pid 4488:tid 200] AH00456: Apache Lounge VC15 Server built: Nov  3 2017 10:30:36
[Mon Apr 02 16:29:50.556257 2018] [core:notice] [pid 4488:tid 200] AH00094: Command line: 'e:\\xampp\\apache\\bin\\httpd.exe -d E:/xampp/apache'
[Mon Apr 02 16:29:50.594284 2018] [mpm_winnt:notice] [pid 4488:tid 200] AH00418: Parent: Created child process 2512
[Mon Apr 02 16:29:51.432877 2018] [ssl:warn] [pid 2512:tid 548] AH01909: www.example.com:443:0 server certificate does NOT include an ID which matches the server name
[Mon Apr 02 16:29:51.498927 2018] [ssl:warn] [pid 2512:tid 548] AH01909: www.example.com:443:0 server certificate does NOT include an ID which matches the server name
PHP Warning:  Module 'fileinfo' already loaded in Unknown on line 0
[Mon Apr 02 16:29:51.538955 2018] [mpm_winnt:notice] [pid 2512:tid 548] AH00354: Child: Starting 150 worker threads.
[Mon Apr 02 16:37:12.885656 2018] [ssl:warn] [pid 12472:tid 676] AH01909: www.example.com:443:0 server certificate does NOT include an ID which matches the server name
[Mon Apr 02 16:37:12.969118 2018] [core:warn] [pid 12472:tid 676] AH00098: pid file E:/xampp/apache/logs/httpd.pid overwritten -- Unclean shutdown of previous Apache run?
[Mon Apr 02 16:37:12.976123 2018] [ssl:warn] [pid 12472:tid 676] AH01909: www.example.com:443:0 server certificate does NOT include an ID which matches the server name
PHP Warning:  Module 'fileinfo' already loaded in Unknown on line 0
[Mon Apr 02 16:37:13.111837 2018] [mpm_winnt:notice] [pid 12472:tid 676] AH00455: Apache/2.4.29 (Win32) OpenSSL/1.1.0g PHP/7.2.3 configured -- resuming normal operations
[Mon Apr 02 16:37:13.111837 2018] [mpm_winnt:notice] [pid 12472:tid 676] AH00456: Apache Lounge VC15 Server built: Nov  3 2017 10:30:36
[Mon Apr 02 16:37:13.111837 2018] [core:notice] [pid 12472:tid 676] AH00094: Command line: 'e:\\xampp\\apache\\bin\\httpd.exe -d E:/xampp/apache'
[Mon Apr 02 16:37:13.166380 2018] [mpm_winnt:notice] [pid 12472:tid 676] AH00418: Parent: Created child process 7208
[Mon Apr 02 16:37:13.848260 2018] [ssl:warn] [pid 7208:tid 668] AH01909: www.example.com:443:0 server certificate does NOT include an ID which matches the server name
[Mon Apr 02 16:37:13.903855 2018] [ssl:warn] [pid 7208:tid 668] AH01909: www.example.com:443:0 server certificate does NOT include an ID which matches the server name
PHP Warning:  Module 'fileinfo' already loaded in Unknown on line 0
[Mon Apr 02 16:37:13.937900 2018] [mpm_winnt:notice] [pid 7208:tid 668] AH00354: Child: Starting 150 worker threads.
[Wed Apr 11 10:53:39.307135 2018] [ssl:warn] [pid 11800:tid 680] AH01909: www.example.com:443:0 server certificate does NOT include an ID which matches the server name
[Wed Apr 11 10:53:39.508482 2018] [core:warn] [pid 11800:tid 680] AH00098: pid file E:/xampp/apache/logs/httpd.pid overwritten -- Unclean shutdown of previous Apache run?
[Wed Apr 11 10:53:39.513703 2018] [ssl:warn] [pid 11800:tid 680] AH01909: www.example.com:443:0 server certificate does NOT include an ID which matches the server name
PHP Warning:  Module 'fileinfo' already loaded in Unknown on line 0
[Wed Apr 11 10:53:42.784343 2018] [mpm_winnt:notice] [pid 11800:tid 680] AH00455: Apache/2.4.29 (Win32) OpenSSL/1.1.0g PHP/7.2.3 configured -- resuming normal operations
[Wed Apr 11 10:53:42.784823 2018] [mpm_winnt:notice] [pid 11800:tid 680] AH00456: Apache Lounge VC15 Server built: Nov  3 2017 10:30:36
[Wed Apr 11 10:53:42.784823 2018] [core:notice] [pid 11800:tid 680] AH00094: Command line: 'e:\\xampp\\apache\\bin\\httpd.exe -d E:/xampp/apache'
[Wed Apr 11 10:53:42.886602 2018] [mpm_winnt:notice] [pid 11800:tid 680] AH00418: Parent: Created child process 764
[Wed Apr 11 10:53:43.546468 2018] [ssl:warn] [pid 764:tid 680] AH01909: www.example.com:443:0 server certificate does NOT include an ID which matches the server name
[Wed Apr 11 10:53:43.618964 2018] [ssl:warn] [pid 764:tid 680] AH01909: www.example.com:443:0 server certificate does NOT include an ID which matches the server name
PHP Warning:  Module 'fileinfo' already loaded in Unknown on line 0
[Wed Apr 11 10:53:43.728057 2018] [mpm_winnt:notice] [pid 764:tid 680] AH00354: Child: Starting 150 worker threads.
[Mon Apr 16 13:50:27.399174 2018] [ssl:warn] [pid 7800:tid 676] AH01909: www.example.com:443:0 server certificate does NOT include an ID which matches the server name
[Mon Apr 16 13:50:27.555444 2018] [core:warn] [pid 7800:tid 676] AH00098: pid file E:/xampp/apache/logs/httpd.pid overwritten -- Unclean shutdown of previous Apache run?
[Mon Apr 16 13:50:27.555444 2018] [ssl:warn] [pid 7800:tid 676] AH01909: www.example.com:443:0 server certificate does NOT include an ID which matches the server name
PHP Warning:  Module 'fileinfo' already loaded in Unknown on line 0
[Mon Apr 16 13:50:30.180443 2018] [mpm_winnt:notice] [pid 7800:tid 676] AH00455: Apache/2.4.29 (Win32) OpenSSL/1.1.0g PHP/7.2.3 configured -- resuming normal operations
[Mon Apr 16 13:50:30.180443 2018] [mpm_winnt:notice] [pid 7800:tid 676] AH00456: Apache Lounge VC15 Server built: Nov  3 2017 10:30:36
[Mon Apr 16 13:50:30.180443 2018] [core:notice] [pid 7800:tid 676] AH00094: Command line: 'e:\\xampp\\apache\\bin\\httpd.exe -d E:/xampp/apache'
[Mon Apr 16 13:50:30.180443 2018] [mpm_winnt:notice] [pid 7800:tid 676] AH00418: Parent: Created child process 7160
[Mon Apr 16 13:50:31.102379 2018] [ssl:warn] [pid 7160:tid 680] AH01909: www.example.com:443:0 server certificate does NOT include an ID which matches the server name
[Mon Apr 16 13:50:31.289881 2018] [ssl:warn] [pid 7160:tid 680] AH01909: www.example.com:443:0 server certificate does NOT include an ID which matches the server name
PHP Warning:  Module 'fileinfo' already loaded in Unknown on line 0
[Mon Apr 16 13:50:31.414830 2018] [mpm_winnt:notice] [pid 7160:tid 680] AH00354: Child: Starting 150 worker threads.
[Tue Apr 17 19:45:19.477834 2018] [ssl:warn] [pid 12408:tid 660] AH01909: www.example.com:443:0 server certificate does NOT include an ID which matches the server name
[Tue Apr 17 19:45:19.666254 2018] [core:warn] [pid 12408:tid 660] AH00098: pid file E:/xampp/apache/logs/httpd.pid overwritten -- Unclean shutdown of previous Apache run?
[Tue Apr 17 19:45:19.681848 2018] [ssl:warn] [pid 12408:tid 660] AH01909: www.example.com:443:0 server certificate does NOT include an ID which matches the server name
PHP Warning:  Module 'fileinfo' already loaded in Unknown on line 0
[Tue Apr 17 19:45:23.710165 2018] [mpm_winnt:notice] [pid 12408:tid 660] AH00455: Apache/2.4.29 (Win32) OpenSSL/1.1.0g PHP/7.2.3 configured -- resuming normal operations
[Tue Apr 17 19:45:23.710165 2018] [mpm_winnt:notice] [pid 12408:tid 660] AH00456: Apache Lounge VC15 Server built: Nov  3 2017 10:30:36
[Tue Apr 17 19:45:23.710165 2018] [core:notice] [pid 12408:tid 660] AH00094: Command line: 'e:\\xampp\\apache\\bin\\httpd.exe -d E:/xampp/apache'
[Tue Apr 17 19:45:23.725768 2018] [mpm_winnt:notice] [pid 12408:tid 660] AH00418: Parent: Created child process 13088
[Tue Apr 17 19:45:24.480744 2018] [ssl:warn] [pid 13088:tid 668] AH01909: www.example.com:443:0 server certificate does NOT include an ID which matches the server name
[Tue Apr 17 19:45:24.543297 2018] [ssl:warn] [pid 13088:tid 668] AH01909: www.example.com:443:0 server certificate does NOT include an ID which matches the server name
PHP Warning:  Module 'fileinfo' already loaded in Unknown on line 0
[Tue Apr 17 19:45:24.643070 2018] [mpm_winnt:notice] [pid 13088:tid 668] AH00354: Child: Starting 150 worker threads.
[Wed Apr 18 10:55:14.017939 2018] [ssl:warn] [pid 9240:tid 668] AH01909: www.example.com:443:0 server certificate does NOT include an ID which matches the server name
[Wed Apr 18 10:55:14.165628 2018] [core:warn] [pid 9240:tid 668] AH00098: pid file E:/xampp/apache/logs/httpd.pid overwritten -- Unclean shutdown of previous Apache run?
[Wed Apr 18 10:55:14.165628 2018] [ssl:warn] [pid 9240:tid 668] AH01909: www.example.com:443:0 server certificate does NOT include an ID which matches the server name
PHP Warning:  Module 'fileinfo' already loaded in Unknown on line 0
[Wed Apr 18 10:55:15.400643 2018] [mpm_winnt:notice] [pid 9240:tid 668] AH00455: Apache/2.4.29 (Win32) OpenSSL/1.1.0g PHP/7.2.3 configured -- resuming normal operations
[Wed Apr 18 10:55:15.400643 2018] [mpm_winnt:notice] [pid 9240:tid 668] AH00456: Apache Lounge VC15 Server built: Nov  3 2017 10:30:36
[Wed Apr 18 10:55:15.400643 2018] [core:notice] [pid 9240:tid 668] AH00094: Command line: 'e:\\xampp\\apache\\bin\\httpd.exe -d E:/xampp/apache'
[Wed Apr 18 10:55:15.402627 2018] [mpm_winnt:notice] [pid 9240:tid 668] AH00418: Parent: Created child process 8080
[Wed Apr 18 10:55:15.931141 2018] [ssl:warn] [pid 8080:tid 712] AH01909: www.example.com:443:0 server certificate does NOT include an ID which matches the server name
[Wed Apr 18 10:55:16.015587 2018] [ssl:warn] [pid 8080:tid 712] AH01909: www.example.com:443:0 server certificate does NOT include an ID which matches the server name
PHP Warning:  Module 'fileinfo' already loaded in Unknown on line 0
[Wed Apr 18 10:55:16.084081 2018] [mpm_winnt:notice] [pid 8080:tid 712] AH00354: Child: Starting 150 worker threads.
[Tue May 01 09:29:35.621272 2018] [ssl:warn] [pid 8880:tid 676] AH01909: www.example.com:443:0 server certificate does NOT include an ID which matches the server name
[Tue May 01 09:29:35.808774 2018] [core:warn] [pid 8880:tid 676] AH00098: pid file E:/xampp/apache/logs/httpd.pid overwritten -- Unclean shutdown of previous Apache run?
[Tue May 01 09:29:35.918201 2018] [ssl:warn] [pid 8880:tid 676] AH01909: www.example.com:443:0 server certificate does NOT include an ID which matches the server name
PHP Warning:  Module 'fileinfo' already loaded in Unknown on line 0
[Tue May 01 09:29:39.340125 2018] [mpm_winnt:notice] [pid 8880:tid 676] AH00455: Apache/2.4.29 (Win32) OpenSSL/1.1.0g PHP/7.2.3 configured -- resuming normal operations
[Tue May 01 09:29:39.340125 2018] [mpm_winnt:notice] [pid 8880:tid 676] AH00456: Apache Lounge VC15 Server built: Nov  3 2017 10:30:36
[Tue May 01 09:29:39.340125 2018] [core:notice] [pid 8880:tid 676] AH00094: Command line: 'e:\\xampp\\apache\\bin\\httpd.exe -d E:/xampp/apache'
[Tue May 01 09:29:39.340125 2018] [mpm_winnt:notice] [pid 8880:tid 676] AH00418: Parent: Created child process 5348
[Tue May 01 09:29:40.027631 2018] [ssl:warn] [pid 5348:tid 708] AH01909: www.example.com:443:0 server certificate does NOT include an ID which matches the server name
[Tue May 01 09:29:40.121385 2018] [ssl:warn] [pid 5348:tid 708] AH01909: www.example.com:443:0 server certificate does NOT include an ID which matches the server name
PHP Warning:  Module 'fileinfo' already loaded in Unknown on line 0
[Tue May 01 09:29:40.230760 2018] [mpm_winnt:notice] [pid 5348:tid 708] AH00354: Child: Starting 150 worker threads.
[Tue May 01 10:20:27.086148 2018] [php7:notice] [pid 5348:tid 1928] [client 127.0.0.1:55867] Uncaught PHP Exception Symfony\\Component\\Routing\\Exception\\RouteNotFoundException: "Route "/drupal8/" does not exist." at E:\\xampp\\htdocs\\drupal8\\core\\lib\\Drupal\\Core\\Routing\\RouteProvider.php line 202, referer: http://localhost:8080/drupal8/
[Tue May 01 16:40:40.617211 2018] [php7:notice] [pid 5348:tid 1920] [client 127.0.0.1:51755] TypeError: Argument 1 passed to Drupal\\comment\\CommentManager::getCountNewComments() must implement interface Drupal\\Core\\Entity\\EntityInterface, null given, called in E:\\xampp\\htdocs\\drupal8\\core\\modules\\comment\\src\\Controller\\CommentController.php on line 333 in E:\\xampp\\htdocs\\drupal8\\core\\modules\\comment\\src\\CommentManager.php on line 180 #0 E:\\xampp\\htdocs\\drupal8\\core\\modules\\comment\\src\\Controller\\CommentController.php(333): Drupal\\comment\\CommentManager->getCountNewComments(NULL)\n#1 [internal function]: Drupal\\comment\\Controller\\CommentController->renderNewCommentsNodeLinks(Object(Symfony\\Component\\HttpFoundation\\Request))\n#2 E:\\xampp\\htdocs\\drupal8\\core\\lib\\Drupal\\Core\\EventSubscriber\\EarlyRenderingControllerWrapperSubscriber.php(123): call_user_func_array(Array, Array)\n#3 E:\\xampp\\htdocs\\drupal8\\core\\lib\\Drupal\\Core\\Render\\Renderer.php(582): Drupal\\Core\\EventSubscriber\\EarlyRenderingControllerWrapperSubscriber->Drupal\\Core\\EventSubscriber\\{closure}()\n#4 E:\\xampp\\htdocs\\drupal8\\core\\lib\\Drupal\\Core\\EventSubscriber\\EarlyRenderingControllerWrapperSubscriber.php(124): Drupal\\Core\\Render\\Renderer->executeInRenderContext(Object(Drupal\\Core\\Render\\RenderContext), Object(Closure))\n#5 E:\\xampp\\htdocs\\drupal8\\core\\lib\\Drupal\\Core\\EventSubscriber\\EarlyRenderingControllerWrapperSubscriber.php(97): Drupal\\Core\\EventSubscriber\\EarlyRenderingControllerWrapperSubscriber->wrapControllerExecutionInRenderContext(Array, Array)\n#6 E:\\xampp\\htdocs\\drupal8\\vendor\\symfony\\http-kernel\\HttpKernel.php(151): Drupal\\Core\\EventSubscriber\\EarlyRenderingControllerWrapperSubscriber->Drupal\\Core\\EventSubscriber\\{closure}()\n#7 E:\\xampp\\htdocs\\drupal8\\vendor\\symfony\\http-kernel\\HttpKernel.php(68): Symfony\\Component\\HttpKernel\\HttpKernel->handleRaw(Object(Symfony\\Component\\HttpFoundation\\Request), 1)\n#8 E:\\xampp\\htdocs\\drupal8\\core\\lib\\Drupal\\Core\\StackMiddleware\\Session.php(57): Symfony\\Component\\HttpKernel\\HttpKernel->handle(Object(Symfony\\Component\\HttpFoundation\\Request), 1, true)\n#9 E:\\xampp\\htdocs\\drupal8\\core\\lib\\Drupal\\Core\\StackMiddleware\\KernelPreHandle.php(47): Drupal\\Core\\StackMiddleware\\Session->handle(Object(Symfony\\Component\\HttpFoundation\\Request), 1, true)\n#10 E:\\xampp\\htdocs\\drupal8\\core\\modules\\page_cache\\src\\StackMiddleware\\PageCache.php(99): Drupal\\Core\\StackMiddleware\\KernelPreHandle->handle(Object(Symfony\\Component\\HttpFoundation\\Request), 1, true)\n#11 E:\\xampp\\htdocs\\drupal8\\core\\modules\\page_cache\\src\\StackMiddleware\\PageCache.php(78): Drupal\\page_cache\\StackMiddleware\\PageCache->pass(Object(Symfony\\Component\\HttpFoundation\\Request), 1, true)\n#12 E:\\xampp\\htdocs\\drupal8\\core\\lib\\Drupal\\Core\\StackMiddleware\\ReverseProxyMiddleware.php(47): Drupal\\page_cache\\StackMiddleware\\PageCache->handle(Object(Symfony\\Component\\HttpFoundation\\Request), 1, true)\n#13 E:\\xampp\\htdocs\\drupal8\\core\\lib\\Drupal\\Core\\StackMiddleware\\NegotiationMiddleware.php(50): Drupal\\Core\\StackMiddleware\\ReverseProxyMiddleware->handle(Object(Symfony\\Component\\HttpFoundation\\Request), 1, true)\n#14 E:\\xampp\\htdocs\\drupal8\\vendor\\stack\\builder\\src\\Stack\\StackedHttpKernel.php(23): Drupal\\Core\\StackMiddleware\\NegotiationMiddleware->handle(Object(Symfony\\Component\\HttpFoundation\\Request), 1, true)\n#15 E:\\xampp\\htdocs\\drupal8\\core\\lib\\Drupal\\Core\\DrupalKernel.php(664): Stack\\StackedHttpKernel->handle(Object(Symfony\\Component\\HttpFoundation\\Request), 1, true)\n#16 E:\\xampp\\htdocs\\drupal8\\index.php(19): Drupal\\Core\\DrupalKernel->handle(Object(Symfony\\Component\\HttpFoundation\\Request))\n#17 {main}, referer: http://localhost:8080/drupal8/activity
[Tue May 01 16:40:59.854859 2018] [php7:notice] [pid 5348:tid 1928] [client 127.0.0.1:51766] TypeError: Argument 1 passed to Drupal\\comment\\CommentManager::getCountNewComments() must implement interface Drupal\\Core\\Entity\\EntityInterface, null given, called in E:\\xampp\\htdocs\\drupal8\\core\\modules\\comment\\src\\Controller\\CommentController.php on line 333 in E:\\xampp\\htdocs\\drupal8\\core\\modules\\comment\\src\\CommentManager.php on line 180 #0 E:\\xampp\\htdocs\\drupal8\\core\\modules\\comment\\src\\Controller\\CommentController.php(333): Drupal\\comment\\CommentManager->getCountNewComments(NULL)\n#1 [internal function]: Drupal\\comment\\Controller\\CommentController->renderNewCommentsNodeLinks(Object(Symfony\\Component\\HttpFoundation\\Request))\n#2 E:\\xampp\\htdocs\\drupal8\\core\\lib\\Drupal\\Core\\EventSubscriber\\EarlyRenderingControllerWrapperSubscriber.php(123): call_user_func_array(Array, Array)\n#3 E:\\xampp\\htdocs\\drupal8\\core\\lib\\Drupal\\Core\\Render\\Renderer.php(582): Drupal\\Core\\EventSubscriber\\EarlyRenderingControllerWrapperSubscriber->Drupal\\Core\\EventSubscriber\\{closure}()\n#4 E:\\xampp\\htdocs\\drupal8\\core\\lib\\Drupal\\Core\\EventSubscriber\\EarlyRenderingControllerWrapperSubscriber.php(124): Drupal\\Core\\Render\\Renderer->executeInRenderContext(Object(Drupal\\Core\\Render\\RenderContext), Object(Closure))\n#5 E:\\xampp\\htdocs\\drupal8\\core\\lib\\Drupal\\Core\\EventSubscriber\\EarlyRenderingControllerWrapperSubscriber.php(97): Drupal\\Core\\EventSubscriber\\EarlyRenderingControllerWrapperSubscriber->wrapControllerExecutionInRenderContext(Array, Array)\n#6 E:\\xampp\\htdocs\\drupal8\\vendor\\symfony\\http-kernel\\HttpKernel.php(151): Drupal\\Core\\EventSubscriber\\EarlyRenderingControllerWrapperSubscriber->Drupal\\Core\\EventSubscriber\\{closure}()\n#7 E:\\xampp\\htdocs\\drupal8\\vendor\\symfony\\http-kernel\\HttpKernel.php(68): Symfony\\Component\\HttpKernel\\HttpKernel->handleRaw(Object(Symfony\\Component\\HttpFoundation\\Request), 1)\n#8 E:\\xampp\\htdocs\\drupal8\\core\\lib\\Drupal\\Core\\StackMiddleware\\Session.php(57): Symfony\\Component\\HttpKernel\\HttpKernel->handle(Object(Symfony\\Component\\HttpFoundation\\Request), 1, true)\n#9 E:\\xampp\\htdocs\\drupal8\\core\\lib\\Drupal\\Core\\StackMiddleware\\KernelPreHandle.php(47): Drupal\\Core\\StackMiddleware\\Session->handle(Object(Symfony\\Component\\HttpFoundation\\Request), 1, true)\n#10 E:\\xampp\\htdocs\\drupal8\\core\\modules\\page_cache\\src\\StackMiddleware\\PageCache.php(99): Drupal\\Core\\StackMiddleware\\KernelPreHandle->handle(Object(Symfony\\Component\\HttpFoundation\\Request), 1, true)\n#11 E:\\xampp\\htdocs\\drupal8\\core\\modules\\page_cache\\src\\StackMiddleware\\PageCache.php(78): Drupal\\page_cache\\StackMiddleware\\PageCache->pass(Object(Symfony\\Component\\HttpFoundation\\Request), 1, true)\n#12 E:\\xampp\\htdocs\\drupal8\\core\\lib\\Drupal\\Core\\StackMiddleware\\ReverseProxyMiddleware.php(47): Drupal\\page_cache\\StackMiddleware\\PageCache->handle(Object(Symfony\\Component\\HttpFoundation\\Request), 1, true)\n#13 E:\\xampp\\htdocs\\drupal8\\core\\lib\\Drupal\\Core\\StackMiddleware\\NegotiationMiddleware.php(50): Drupal\\Core\\StackMiddleware\\ReverseProxyMiddleware->handle(Object(Symfony\\Component\\HttpFoundation\\Request), 1, true)\n#14 E:\\xampp\\htdocs\\drupal8\\vendor\\stack\\builder\\src\\Stack\\StackedHttpKernel.php(23): Drupal\\Core\\StackMiddleware\\NegotiationMiddleware->handle(Object(Symfony\\Component\\HttpFoundation\\Request), 1, true)\n#15 E:\\xampp\\htdocs\\drupal8\\core\\lib\\Drupal\\Core\\DrupalKernel.php(664): Stack\\StackedHttpKernel->handle(Object(Symfony\\Component\\HttpFoundation\\Request), 1, true)\n#16 E:\\xampp\\htdocs\\drupal8\\index.php(19): Drupal\\Core\\DrupalKernel->handle(Object(Symfony\\Component\\HttpFoundation\\Request))\n#17 {main}, referer: http://localhost:8080/drupal8/activity
[Wed May 02 19:16:50.409550 2018] [ssl:warn] [pid 1196:tid 672] AH01909: www.example.com:443:0 server certificate does NOT include an ID which matches the server name
[Wed May 02 19:16:50.581412 2018] [core:warn] [pid 1196:tid 672] AH00098: pid file E:/xampp/apache/logs/httpd.pid overwritten -- Unclean shutdown of previous Apache run?
[Wed May 02 19:16:50.597032 2018] [ssl:warn] [pid 1196:tid 672] AH01909: www.example.com:443:0 server certificate does NOT include an ID which matches the server name
PHP Warning:  Module 'fileinfo' already loaded in Unknown on line 0
[Wed May 02 19:16:53.362745 2018] [mpm_winnt:notice] [pid 1196:tid 672] AH00455: Apache/2.4.29 (Win32) OpenSSL/1.1.0g PHP/7.2.3 configured -- resuming normal operations
[Wed May 02 19:16:53.362745 2018] [mpm_winnt:notice] [pid 1196:tid 672] AH00456: Apache Lounge VC15 Server built: Nov  3 2017 10:30:36
[Wed May 02 19:16:53.362745 2018] [core:notice] [pid 1196:tid 672] AH00094: Command line: 'e:\\xampp\\apache\\bin\\httpd.exe -d E:/xampp/apache'
[Wed May 02 19:16:53.362745 2018] [mpm_winnt:notice] [pid 1196:tid 672] AH00418: Parent: Created child process 4984
[Wed May 02 19:16:53.987755 2018] [ssl:warn] [pid 4984:tid 704] AH01909: www.example.com:443:0 server certificate does NOT include an ID which matches the server name
[Wed May 02 19:16:54.065880 2018] [ssl:warn] [pid 4984:tid 704] AH01909: www.example.com:443:0 server certificate does NOT include an ID which matches the server name
PHP Warning:  Module 'fileinfo' already loaded in Unknown on line 0
[Wed May 02 19:16:54.237738 2018] [mpm_winnt:notice] [pid 4984:tid 704] AH00354: Child: Starting 150 worker threads.
[Wed May 02 20:06:41.270884 2018] [ssl:warn] [pid 11376:tid 672] AH01909: www.example.com:443:0 server certificate does NOT include an ID which matches the server name
[Wed May 02 20:06:41.476000 2018] [core:warn] [pid 11376:tid 672] AH00098: pid file E:/xampp/apache/logs/httpd.pid overwritten -- Unclean shutdown of previous Apache run?
[Wed May 02 20:06:41.476000 2018] [ssl:warn] [pid 11376:tid 672] AH01909: www.example.com:443:0 server certificate does NOT include an ID which matches the server name
PHP Warning:  Module 'fileinfo' already loaded in Unknown on line 0
[Wed May 02 20:06:43.810181 2018] [mpm_winnt:notice] [pid 11376:tid 672] AH00455: Apache/2.4.29 (Win32) OpenSSL/1.1.0g PHP/7.2.3 configured -- resuming normal operations
[Wed May 02 20:06:43.810683 2018] [mpm_winnt:notice] [pid 11376:tid 672] AH00456: Apache Lounge VC15 Server built: Nov  3 2017 10:30:36
[Wed May 02 20:06:43.810683 2018] [core:notice] [pid 11376:tid 672] AH00094: Command line: 'e:\\xampp\\apache\\bin\\httpd.exe -d E:/xampp/apache'
[Wed May 02 20:06:43.813185 2018] [mpm_winnt:notice] [pid 11376:tid 672] AH00418: Parent: Created child process 5916
[Wed May 02 20:06:44.395027 2018] [ssl:warn] [pid 5916:tid 664] AH01909: www.example.com:443:0 server certificate does NOT include an ID which matches the server name
[Wed May 02 20:06:44.433295 2018] [ssl:warn] [pid 5916:tid 664] AH01909: www.example.com:443:0 server certificate does NOT include an ID which matches the server name
PHP Warning:  Module 'fileinfo' already loaded in Unknown on line 0
[Wed May 02 20:06:44.464568 2018] [mpm_winnt:notice] [pid 5916:tid 664] AH00354: Child: Starting 150 worker threads.
[Wed May 02 20:49:03.747943 2018] [ssl:warn] [pid 8976:tid 748] AH01909: www.example.com:443:0 server certificate does NOT include an ID which matches the server name
[Wed May 02 20:49:03.854006 2018] [core:warn] [pid 8976:tid 748] AH00098: pid file E:/xampp/apache/logs/httpd.pid overwritten -- Unclean shutdown of previous Apache run?
[Wed May 02 20:49:03.860015 2018] [ssl:warn] [pid 8976:tid 748] AH01909: www.example.com:443:0 server certificate does NOT include an ID which matches the server name
PHP Warning:  Module 'fileinfo' already loaded in Unknown on line 0
[Wed May 02 20:49:03.900063 2018] [mpm_winnt:notice] [pid 8976:tid 748] AH00455: Apache/2.4.29 (Win32) OpenSSL/1.1.0g PHP/7.2.3 configured -- resuming normal operations
[Wed May 02 20:49:03.900063 2018] [mpm_winnt:notice] [pid 8976:tid 748] AH00456: Apache Lounge VC15 Server built: Nov  3 2017 10:30:36
[Wed May 02 20:49:03.900063 2018] [core:notice] [pid 8976:tid 748] AH00094: Command line: 'e:\\xampp\\apache\\bin\\httpd.exe -d E:/xampp/apache'
[Wed May 02 20:49:03.902067 2018] [mpm_winnt:notice] [pid 8976:tid 748] AH00418: Parent: Created child process 7560
[Wed May 02 20:49:04.543132 2018] [ssl:warn] [pid 7560:tid 200] AH01909: www.example.com:443:0 server certificate does NOT include an ID which matches the server name
[Wed May 02 20:49:04.594211 2018] [ssl:warn] [pid 7560:tid 200] AH01909: www.example.com:443:0 server certificate does NOT include an ID which matches the server name
PHP Warning:  Module 'fileinfo' already loaded in Unknown on line 0
[Wed May 02 20:49:04.629622 2018] [mpm_winnt:notice] [pid 7560:tid 200] AH00354: Child: Starting 150 worker threads.
[Fri May 04 10:52:46.149615 2018] [ssl:warn] [pid 11120:tid 704] AH01909: www.example.com:443:0 server certificate does NOT include an ID which matches the server name
[Fri May 04 10:52:46.540227 2018] [core:warn] [pid 11120:tid 704] AH00098: pid file E:/xampp/apache/logs/httpd.pid overwritten -- Unclean shutdown of previous Apache run?
[Fri May 04 10:52:46.634000 2018] [ssl:warn] [pid 11120:tid 704] AH01909: www.example.com:443:0 server certificate does NOT include an ID which matches the server name
PHP Warning:  Module 'fileinfo' already loaded in Unknown on line 0
[Fri May 04 10:52:56.542280 2018] [mpm_winnt:notice] [pid 11120:tid 704] AH00455: Apache/2.4.29 (Win32) OpenSSL/1.1.0g PHP/7.2.3 configured -- resuming normal operations
[Fri May 04 10:52:56.542280 2018] [mpm_winnt:notice] [pid 11120:tid 704] AH00456: Apache Lounge VC15 Server built: Nov  3 2017 10:30:36
[Fri May 04 10:52:56.542280 2018] [core:notice] [pid 11120:tid 704] AH00094: Command line: 'e:\\xampp\\apache\\bin\\httpd.exe -d E:/xampp/apache'
[Fri May 04 10:52:56.557904 2018] [mpm_winnt:notice] [pid 11120:tid 704] AH00418: Parent: Created child process 5432
[Fri May 04 10:52:57.073489 2018] [ssl:warn] [pid 5432:tid 668] AH01909: www.example.com:443:0 server certificate does NOT include an ID which matches the server name
[Fri May 04 10:52:57.151631 2018] [ssl:warn] [pid 5432:tid 668] AH01909: www.example.com:443:0 server certificate does NOT include an ID which matches the server name
PHP Warning:  Module 'fileinfo' already loaded in Unknown on line 0
[Fri May 04 10:52:57.261041 2018] [mpm_winnt:notice] [pid 5432:tid 668] AH00354: Child: Starting 150 worker threads.
[Fri May 04 11:13:31.876701 2018] [php7:notice] [pid 5432:tid 1924] [client 127.0.0.1:59101] TypeError: Argument 1 passed to Drupal\\comment\\CommentManager::getCountNewComments() must implement interface Drupal\\Core\\Entity\\EntityInterface, null given, called in E:\\xampp\\htdocs\\drupal8\\core\\modules\\comment\\src\\Controller\\CommentController.php on line 333 in E:\\xampp\\htdocs\\drupal8\\core\\modules\\comment\\src\\CommentManager.php on line 180 #0 E:\\xampp\\htdocs\\drupal8\\core\\modules\\comment\\src\\Controller\\CommentController.php(333): Drupal\\comment\\CommentManager->getCountNewComments(NULL)\n#1 [internal function]: Drupal\\comment\\Controller\\CommentController->renderNewCommentsNodeLinks(Object(Symfony\\Component\\HttpFoundation\\Request))\n#2 E:\\xampp\\htdocs\\drupal8\\core\\lib\\Drupal\\Core\\EventSubscriber\\EarlyRenderingControllerWrapperSubscriber.php(123): call_user_func_array(Array, Array)\n#3 E:\\xampp\\htdocs\\drupal8\\core\\lib\\Drupal\\Core\\Render\\Renderer.php(582): Drupal\\Core\\EventSubscriber\\EarlyRenderingControllerWrapperSubscriber->Drupal\\Core\\EventSubscriber\\{closure}()\n#4 E:\\xampp\\htdocs\\drupal8\\core\\lib\\Drupal\\Core\\EventSubscriber\\EarlyRenderingControllerWrapperSubscriber.php(124): Drupal\\Core\\Render\\Renderer->executeInRenderContext(Object(Drupal\\Core\\Render\\RenderContext), Object(Closure))\n#5 E:\\xampp\\htdocs\\drupal8\\core\\lib\\Drupal\\Core\\EventSubscriber\\EarlyRenderingControllerWrapperSubscriber.php(97): Drupal\\Core\\EventSubscriber\\EarlyRenderingControllerWrapperSubscriber->wrapControllerExecutionInRenderContext(Array, Array)\n#6 E:\\xampp\\htdocs\\drupal8\\vendor\\symfony\\http-kernel\\HttpKernel.php(151): Drupal\\Core\\EventSubscriber\\EarlyRenderingControllerWrapperSubscriber->Drupal\\Core\\EventSubscriber\\{closure}()\n#7 E:\\xampp\\htdocs\\drupal8\\vendor\\symfony\\http-kernel\\HttpKernel.php(68): Symfony\\Component\\HttpKernel\\HttpKernel->handleRaw(Object(Symfony\\Component\\HttpFoundation\\Request), 1)\n#8 E:\\xampp\\htdocs\\drupal8\\core\\lib\\Drupal\\Core\\StackMiddleware\\Session.php(57): Symfony\\Component\\HttpKernel\\HttpKernel->handle(Object(Symfony\\Component\\HttpFoundation\\Request), 1, true)\n#9 E:\\xampp\\htdocs\\drupal8\\core\\lib\\Drupal\\Core\\StackMiddleware\\KernelPreHandle.php(47): Drupal\\Core\\StackMiddleware\\Session->handle(Object(Symfony\\Component\\HttpFoundation\\Request), 1, true)\n#10 E:\\xampp\\htdocs\\drupal8\\core\\modules\\page_cache\\src\\StackMiddleware\\PageCache.php(99): Drupal\\Core\\StackMiddleware\\KernelPreHandle->handle(Object(Symfony\\Component\\HttpFoundation\\Request), 1, true)\n#11 E:\\xampp\\htdocs\\drupal8\\core\\modules\\page_cache\\src\\StackMiddleware\\PageCache.php(78): Drupal\\page_cache\\StackMiddleware\\PageCache->pass(Object(Symfony\\Component\\HttpFoundation\\Request), 1, true)\n#12 E:\\xampp\\htdocs\\drupal8\\core\\lib\\Drupal\\Core\\StackMiddleware\\ReverseProxyMiddleware.php(47): Drupal\\page_cache\\StackMiddleware\\PageCache->handle(Object(Symfony\\Component\\HttpFoundation\\Request), 1, true)\n#13 E:\\xampp\\htdocs\\drupal8\\core\\lib\\Drupal\\Core\\StackMiddleware\\NegotiationMiddleware.php(50): Drupal\\Core\\StackMiddleware\\ReverseProxyMiddleware->handle(Object(Symfony\\Component\\HttpFoundation\\Request), 1, true)\n#14 E:\\xampp\\htdocs\\drupal8\\vendor\\stack\\builder\\src\\Stack\\StackedHttpKernel.php(23): Drupal\\Core\\StackMiddleware\\NegotiationMiddleware->handle(Object(Symfony\\Component\\HttpFoundation\\Request), 1, true)\n#15 E:\\xampp\\htdocs\\drupal8\\core\\lib\\Drupal\\Core\\DrupalKernel.php(664): Stack\\StackedHttpKernel->handle(Object(Symfony\\Component\\HttpFoundation\\Request), 1, true)\n#16 E:\\xampp\\htdocs\\drupal8\\index.php(19): Drupal\\Core\\DrupalKernel->handle(Object(Symfony\\Component\\HttpFoundation\\Request))\n#17 {main}, referer: http://localhost:8080/drupal8/en/activity
[Fri May 04 14:55:54.137800 2018] [php7:notice] [pid 5432:tid 1972] [client 127.0.0.1:64520] Uncaught PHP Exception Drupal\\Core\\Entity\\EntityStorageException: "Entity type aggregator_item does not support UUIDs." at E:\\xampp\\htdocs\\drupal8\\core\\lib\\Drupal\\Core\\Entity\\EntityRepository.php line 49, referer: http://localhost:8080/drupal8/en/admin/structure/views/view/aggregator_rss_feed?destination=/drupal8/en/admin/structure/views
[Fri May 04 14:56:21.233318 2018] [php7:notice] [pid 5432:tid 1960] [client 127.0.0.1:64522] TypeError: Argument 1 passed to Drupal\\comment\\CommentManager::getCountNewComments() must implement interface Drupal\\Core\\Entity\\EntityInterface, null given, called in E:\\xampp\\htdocs\\drupal8\\core\\modules\\comment\\src\\Controller\\CommentController.php on line 333 in E:\\xampp\\htdocs\\drupal8\\core\\modules\\comment\\src\\CommentManager.php on line 180 #0 E:\\xampp\\htdocs\\drupal8\\core\\modules\\comment\\src\\Controller\\CommentController.php(333): Drupal\\comment\\CommentManager->getCountNewComments(NULL)\n#1 [internal function]: Drupal\\comment\\Controller\\CommentController->renderNewCommentsNodeLinks(Object(Symfony\\Component\\HttpFoundation\\Request))\n#2 E:\\xampp\\htdocs\\drupal8\\core\\lib\\Drupal\\Core\\EventSubscriber\\EarlyRenderingControllerWrapperSubscriber.php(123): call_user_func_array(Array, Array)\n#3 E:\\xampp\\htdocs\\drupal8\\core\\lib\\Drupal\\Core\\Render\\Renderer.php(582): Drupal\\Core\\EventSubscriber\\EarlyRenderingControllerWrapperSubscriber->Drupal\\Core\\EventSubscriber\\{closure}()\n#4 E:\\xampp\\htdocs\\drupal8\\core\\lib\\Drupal\\Core\\EventSubscriber\\EarlyRenderingControllerWrapperSubscriber.php(124): Drupal\\Core\\Render\\Renderer->executeInRenderContext(Object(Drupal\\Core\\Render\\RenderContext), Object(Closure))\n#5 E:\\xampp\\htdocs\\drupal8\\core\\lib\\Drupal\\Core\\EventSubscriber\\EarlyRenderingControllerWrapperSubscriber.php(97): Drupal\\Core\\EventSubscriber\\EarlyRenderingControllerWrapperSubscriber->wrapControllerExecutionInRenderContext(Array, Array)\n#6 E:\\xampp\\htdocs\\drupal8\\vendor\\symfony\\http-kernel\\HttpKernel.php(151): Drupal\\Core\\EventSubscriber\\EarlyRenderingControllerWrapperSubscriber->Drupal\\Core\\EventSubscriber\\{closure}()\n#7 E:\\xampp\\htdocs\\drupal8\\vendor\\symfony\\http-kernel\\HttpKernel.php(68): Symfony\\Component\\HttpKernel\\HttpKernel->handleRaw(Object(Symfony\\Component\\HttpFoundation\\Request), 1)\n#8 E:\\xampp\\htdocs\\drupal8\\core\\lib\\Drupal\\Core\\StackMiddleware\\Session.php(57): Symfony\\Component\\HttpKernel\\HttpKernel->handle(Object(Symfony\\Component\\HttpFoundation\\Request), 1, true)\n#9 E:\\xampp\\htdocs\\drupal8\\core\\lib\\Drupal\\Core\\StackMiddleware\\KernelPreHandle.php(47): Drupal\\Core\\StackMiddleware\\Session->handle(Object(Symfony\\Component\\HttpFoundation\\Request), 1, true)\n#10 E:\\xampp\\htdocs\\drupal8\\core\\modules\\page_cache\\src\\StackMiddleware\\PageCache.php(99): Drupal\\Core\\StackMiddleware\\KernelPreHandle->handle(Object(Symfony\\Component\\HttpFoundation\\Request), 1, true)\n#11 E:\\xampp\\htdocs\\drupal8\\core\\modules\\page_cache\\src\\StackMiddleware\\PageCache.php(78): Drupal\\page_cache\\StackMiddleware\\PageCache->pass(Object(Symfony\\Component\\HttpFoundation\\Request), 1, true)\n#12 E:\\xampp\\htdocs\\drupal8\\core\\lib\\Drupal\\Core\\StackMiddleware\\ReverseProxyMiddleware.php(47): Drupal\\page_cache\\StackMiddleware\\PageCache->handle(Object(Symfony\\Component\\HttpFoundation\\Request), 1, true)\n#13 E:\\xampp\\htdocs\\drupal8\\core\\lib\\Drupal\\Core\\StackMiddleware\\NegotiationMiddleware.php(50): Drupal\\Core\\StackMiddleware\\ReverseProxyMiddleware->handle(Object(Symfony\\Component\\HttpFoundation\\Request), 1, true)\n#14 E:\\xampp\\htdocs\\drupal8\\vendor\\stack\\builder\\src\\Stack\\StackedHttpKernel.php(23): Drupal\\Core\\StackMiddleware\\NegotiationMiddleware->handle(Object(Symfony\\Component\\HttpFoundation\\Request), 1, true)\n#15 E:\\xampp\\htdocs\\drupal8\\core\\lib\\Drupal\\Core\\DrupalKernel.php(664): Stack\\StackedHttpKernel->handle(Object(Symfony\\Component\\HttpFoundation\\Request), 1, true)\n#16 E:\\xampp\\htdocs\\drupal8\\index.php(19): Drupal\\Core\\DrupalKernel->handle(Object(Symfony\\Component\\HttpFoundation\\Request))\n#17 {main}, referer: http://localhost:8080/drupal8/en/activity
[Fri May 04 14:56:27.284644 2018] [php7:notice] [pid 5432:tid 1960] [client 127.0.0.1:64522] TypeError: Argument 1 passed to Drupal\\comment\\CommentManager::getCountNewComments() must implement interface Drupal\\Core\\Entity\\EntityInterface, null given, called in E:\\xampp\\htdocs\\drupal8\\core\\modules\\comment\\src\\Controller\\CommentController.php on line 333 in E:\\xampp\\htdocs\\drupal8\\core\\modules\\comment\\src\\CommentManager.php on line 180 #0 E:\\xampp\\htdocs\\drupal8\\core\\modules\\comment\\src\\Controller\\CommentController.php(333): Drupal\\comment\\CommentManager->getCountNewComments(NULL)\n#1 [internal function]: Drupal\\comment\\Controller\\CommentController->renderNewCommentsNodeLinks(Object(Symfony\\Component\\HttpFoundation\\Request))\n#2 E:\\xampp\\htdocs\\drupal8\\core\\lib\\Drupal\\Core\\EventSubscriber\\EarlyRenderingControllerWrapperSubscriber.php(123): call_user_func_array(Array, Array)\n#3 E:\\xampp\\htdocs\\drupal8\\core\\lib\\Drupal\\Core\\Render\\Renderer.php(582): Drupal\\Core\\EventSubscriber\\EarlyRenderingControllerWrapperSubscriber->Drupal\\Core\\EventSubscriber\\{closure}()\n#4 E:\\xampp\\htdocs\\drupal8\\core\\lib\\Drupal\\Core\\EventSubscriber\\EarlyRenderingControllerWrapperSubscriber.php(124): Drupal\\Core\\Render\\Renderer->executeInRenderContext(Object(Drupal\\Core\\Render\\RenderContext), Object(Closure))\n#5 E:\\xampp\\htdocs\\drupal8\\core\\lib\\Drupal\\Core\\EventSubscriber\\EarlyRenderingControllerWrapperSubscriber.php(97): Drupal\\Core\\EventSubscriber\\EarlyRenderingControllerWrapperSubscriber->wrapControllerExecutionInRenderContext(Array, Array)\n#6 E:\\xampp\\htdocs\\drupal8\\vendor\\symfony\\http-kernel\\HttpKernel.php(151): Drupal\\Core\\EventSubscriber\\EarlyRenderingControllerWrapperSubscriber->Drupal\\Core\\EventSubscriber\\{closure}()\n#7 E:\\xampp\\htdocs\\drupal8\\vendor\\symfony\\http-kernel\\HttpKernel.php(68): Symfony\\Component\\HttpKernel\\HttpKernel->handleRaw(Object(Symfony\\Component\\HttpFoundation\\Request), 1)\n#8 E:\\xampp\\htdocs\\drupal8\\core\\lib\\Drupal\\Core\\StackMiddleware\\Session.php(57): Symfony\\Component\\HttpKernel\\HttpKernel->handle(Object(Symfony\\Component\\HttpFoundation\\Request), 1, true)\n#9 E:\\xampp\\htdocs\\drupal8\\core\\lib\\Drupal\\Core\\StackMiddleware\\KernelPreHandle.php(47): Drupal\\Core\\StackMiddleware\\Session->handle(Object(Symfony\\Component\\HttpFoundation\\Request), 1, true)\n#10 E:\\xampp\\htdocs\\drupal8\\core\\modules\\page_cache\\src\\StackMiddleware\\PageCache.php(99): Drupal\\Core\\StackMiddleware\\KernelPreHandle->handle(Object(Symfony\\Component\\HttpFoundation\\Request), 1, true)\n#11 E:\\xampp\\htdocs\\drupal8\\core\\modules\\page_cache\\src\\StackMiddleware\\PageCache.php(78): Drupal\\page_cache\\StackMiddleware\\PageCache->pass(Object(Symfony\\Component\\HttpFoundation\\Request), 1, true)\n#12 E:\\xampp\\htdocs\\drupal8\\core\\lib\\Drupal\\Core\\StackMiddleware\\ReverseProxyMiddleware.php(47): Drupal\\page_cache\\StackMiddleware\\PageCache->handle(Object(Symfony\\Component\\HttpFoundation\\Request), 1, true)\n#13 E:\\xampp\\htdocs\\drupal8\\core\\lib\\Drupal\\Core\\StackMiddleware\\NegotiationMiddleware.php(50): Drupal\\Core\\StackMiddleware\\ReverseProxyMiddleware->handle(Object(Symfony\\Component\\HttpFoundation\\Request), 1, true)\n#14 E:\\xampp\\htdocs\\drupal8\\vendor\\stack\\builder\\src\\Stack\\StackedHttpKernel.php(23): Drupal\\Core\\StackMiddleware\\NegotiationMiddleware->handle(Object(Symfony\\Component\\HttpFoundation\\Request), 1, true)\n#15 E:\\xampp\\htdocs\\drupal8\\core\\lib\\Drupal\\Core\\DrupalKernel.php(664): Stack\\StackedHttpKernel->handle(Object(Symfony\\Component\\HttpFoundation\\Request), 1, true)\n#16 E:\\xampp\\htdocs\\drupal8\\index.php(19): Drupal\\Core\\DrupalKernel->handle(Object(Symfony\\Component\\HttpFoundation\\Request))\n#17 {main}, referer: http://localhost:8080/drupal8/en/activity/1
[Fri May 04 15:56:18.758680 2018] [php7:notice] [pid 5432:tid 1972] [client 127.0.0.1:51129] TypeError: Argument 1 passed to Drupal\\comment\\CommentManager::getCountNewComments() must implement interface Drupal\\Core\\Entity\\EntityInterface, null given, called in E:\\xampp\\htdocs\\drupal8\\core\\modules\\comment\\src\\Controller\\CommentController.php on line 333 in E:\\xampp\\htdocs\\drupal8\\core\\modules\\comment\\src\\CommentManager.php on line 180 #0 E:\\xampp\\htdocs\\drupal8\\core\\modules\\comment\\src\\Controller\\CommentController.php(333): Drupal\\comment\\CommentManager->getCountNewComments(NULL)\n#1 [internal function]: Drupal\\comment\\Controller\\CommentController->renderNewCommentsNodeLinks(Object(Symfony\\Component\\HttpFoundation\\Request))\n#2 E:\\xampp\\htdocs\\drupal8\\core\\lib\\Drupal\\Core\\EventSubscriber\\EarlyRenderingControllerWrapperSubscriber.php(123): call_user_func_array(Array, Array)\n#3 E:\\xampp\\htdocs\\drupal8\\core\\lib\\Drupal\\Core\\Render\\Renderer.php(582): Drupal\\Core\\EventSubscriber\\EarlyRenderingControllerWrapperSubscriber->Drupal\\Core\\EventSubscriber\\{closure}()\n#4 E:\\xampp\\htdocs\\drupal8\\core\\lib\\Drupal\\Core\\EventSubscriber\\EarlyRenderingControllerWrapperSubscriber.php(124): Drupal\\Core\\Render\\Renderer->executeInRenderContext(Object(Drupal\\Core\\Render\\RenderContext), Object(Closure))\n#5 E:\\xampp\\htdocs\\drupal8\\core\\lib\\Drupal\\Core\\EventSubscriber\\EarlyRenderingControllerWrapperSubscriber.php(97): Drupal\\Core\\EventSubscriber\\EarlyRenderingControllerWrapperSubscriber->wrapControllerExecutionInRenderContext(Array, Array)\n#6 E:\\xampp\\htdocs\\drupal8\\vendor\\symfony\\http-kernel\\HttpKernel.php(151): Drupal\\Core\\EventSubscriber\\EarlyRenderingControllerWrapperSubscriber->Drupal\\Core\\EventSubscriber\\{closure}()\n#7 E:\\xampp\\htdocs\\drupal8\\vendor\\symfony\\http-kernel\\HttpKernel.php(68): Symfony\\Component\\HttpKernel\\HttpKernel->handleRaw(Object(Symfony\\Component\\HttpFoundation\\Request), 1)\n#8 E:\\xampp\\htdocs\\drupal8\\core\\lib\\Drupal\\Core\\StackMiddleware\\Session.php(57): Symfony\\Component\\HttpKernel\\HttpKernel->handle(Object(Symfony\\Component\\HttpFoundation\\Request), 1, true)\n#9 E:\\xampp\\htdocs\\drupal8\\core\\lib\\Drupal\\Core\\StackMiddleware\\KernelPreHandle.php(47): Drupal\\Core\\StackMiddleware\\Session->handle(Object(Symfony\\Component\\HttpFoundation\\Request), 1, true)\n#10 E:\\xampp\\htdocs\\drupal8\\core\\modules\\page_cache\\src\\StackMiddleware\\PageCache.php(99): Drupal\\Core\\StackMiddleware\\KernelPreHandle->handle(Object(Symfony\\Component\\HttpFoundation\\Request), 1, true)\n#11 E:\\xampp\\htdocs\\drupal8\\core\\modules\\page_cache\\src\\StackMiddleware\\PageCache.php(78): Drupal\\page_cache\\StackMiddleware\\PageCache->pass(Object(Symfony\\Component\\HttpFoundation\\Request), 1, true)\n#12 E:\\xampp\\htdocs\\drupal8\\core\\lib\\Drupal\\Core\\StackMiddleware\\ReverseProxyMiddleware.php(47): Drupal\\page_cache\\StackMiddleware\\PageCache->handle(Object(Symfony\\Component\\HttpFoundation\\Request), 1, true)\n#13 E:\\xampp\\htdocs\\drupal8\\core\\lib\\Drupal\\Core\\StackMiddleware\\NegotiationMiddleware.php(50): Drupal\\Core\\StackMiddleware\\ReverseProxyMiddleware->handle(Object(Symfony\\Component\\HttpFoundation\\Request), 1, true)\n#14 E:\\xampp\\htdocs\\drupal8\\vendor\\stack\\builder\\src\\Stack\\StackedHttpKernel.php(23): Drupal\\Core\\StackMiddleware\\NegotiationMiddleware->handle(Object(Symfony\\Component\\HttpFoundation\\Request), 1, true)\n#15 E:\\xampp\\htdocs\\drupal8\\core\\lib\\Drupal\\Core\\DrupalKernel.php(664): Stack\\StackedHttpKernel->handle(Object(Symfony\\Component\\HttpFoundation\\Request), 1, true)\n#16 E:\\xampp\\htdocs\\drupal8\\index.php(19): Drupal\\Core\\DrupalKernel->handle(Object(Symfony\\Component\\HttpFoundation\\Request))\n#17 {main}, referer: http://localhost:8080/drupal8/en/activity/1
[Sat May 05 15:45:49.229763 2018] [ssl:warn] [pid 4644:tid 656] AH01909: www.example.com:443:0 server certificate does NOT include an ID which matches the server name
[Sat May 05 15:45:49.435759 2018] [core:warn] [pid 4644:tid 656] AH00098: pid file E:/xampp/apache/logs/httpd.pid overwritten -- Unclean shutdown of previous Apache run?
[Sat May 05 15:45:49.435759 2018] [ssl:warn] [pid 4644:tid 656] AH01909: www.example.com:443:0 server certificate does NOT include an ID which matches the server name
PHP Warning:  Module 'fileinfo' already loaded in Unknown on line 0
[Sat May 05 15:45:52.875721 2018] [mpm_winnt:notice] [pid 4644:tid 656] AH00455: Apache/2.4.29 (Win32) OpenSSL/1.1.0g PHP/7.2.3 configured -- resuming normal operations
[Sat May 05 15:45:52.875721 2018] [mpm_winnt:notice] [pid 4644:tid 656] AH00456: Apache Lounge VC15 Server built: Nov  3 2017 10:30:36
[Sat May 05 15:45:52.875721 2018] [core:notice] [pid 4644:tid 656] AH00094: Command line: 'e:\\xampp\\apache\\bin\\httpd.exe -d E:/xampp/apache'
[Sat May 05 15:45:52.877702 2018] [mpm_winnt:notice] [pid 4644:tid 656] AH00418: Parent: Created child process 5608
[Sat May 05 15:45:53.598637 2018] [ssl:warn] [pid 5608:tid 664] AH01909: www.example.com:443:0 server certificate does NOT include an ID which matches the server name
[Sat May 05 15:45:53.710213 2018] [ssl:warn] [pid 5608:tid 664] AH01909: www.example.com:443:0 server certificate does NOT include an ID which matches the server name
PHP Warning:  Module 'fileinfo' already loaded in Unknown on line 0
[Sat May 05 15:45:53.807221 2018] [mpm_winnt:notice] [pid 5608:tid 664] AH00354: Child: Starting 150 worker threads.
[Mon May 07 11:26:41.152109 2018] [ssl:warn] [pid 6376:tid 688] AH01909: www.example.com:443:0 server certificate does NOT include an ID which matches the server name
[Mon May 07 11:26:41.386516 2018] [core:warn] [pid 6376:tid 688] AH00098: pid file E:/xampp/apache/logs/httpd.pid overwritten -- Unclean shutdown of previous Apache run?
[Mon May 07 11:26:41.386516 2018] [ssl:warn] [pid 6376:tid 688] AH01909: www.example.com:443:0 server certificate does NOT include an ID which matches the server name
PHP Warning:  Module 'fileinfo' already loaded in Unknown on line 0
[Mon May 07 11:26:53.842231 2018] [mpm_winnt:notice] [pid 6376:tid 688] AH00455: Apache/2.4.29 (Win32) OpenSSL/1.1.0g PHP/7.2.3 configured -- resuming normal operations
[Mon May 07 11:26:53.842231 2018] [mpm_winnt:notice] [pid 6376:tid 688] AH00456: Apache Lounge VC15 Server built: Nov  3 2017 10:30:36
[Mon May 07 11:26:53.842231 2018] [core:notice] [pid 6376:tid 688] AH00094: Command line: 'e:\\xampp\\apache\\bin\\httpd.exe -d E:/xampp/apache'
[Mon May 07 11:26:53.857805 2018] [mpm_winnt:notice] [pid 6376:tid 688] AH00418: Parent: Created child process 10020
[Mon May 07 11:26:54.514113 2018] [ssl:warn] [pid 10020:tid 676] AH01909: www.example.com:443:0 server certificate does NOT include an ID which matches the server name
[Mon May 07 11:26:54.623456 2018] [ssl:warn] [pid 10020:tid 676] AH01909: www.example.com:443:0 server certificate does NOT include an ID which matches the server name
PHP Warning:  Module 'fileinfo' already loaded in Unknown on line 0
[Mon May 07 11:26:54.826616 2018] [mpm_winnt:notice] [pid 10020:tid 676] AH00354: Child: Starting 150 worker threads.
[Tue May 08 15:43:52.960729 2018] [ssl:warn] [pid 780:tid 640] AH01909: www.example.com:443:0 server certificate does NOT include an ID which matches the server name
[Tue May 08 15:43:53.304501 2018] [core:warn] [pid 780:tid 640] AH00098: pid file E:/xampp/apache/logs/httpd.pid overwritten -- Unclean shutdown of previous Apache run?
[Tue May 08 15:43:53.304501 2018] [ssl:warn] [pid 780:tid 640] AH01909: www.example.com:443:0 server certificate does NOT include an ID which matches the server name
PHP Warning:  Module 'fileinfo' already loaded in Unknown on line 0
[Tue May 08 15:43:57.179554 2018] [mpm_winnt:notice] [pid 780:tid 640] AH00455: Apache/2.4.29 (Win32) OpenSSL/1.1.0g PHP/7.2.3 configured -- resuming normal operations
[Tue May 08 15:43:57.179554 2018] [mpm_winnt:notice] [pid 780:tid 640] AH00456: Apache Lounge VC15 Server built: Nov  3 2017 10:30:36
[Tue May 08 15:43:57.179554 2018] [core:notice] [pid 780:tid 640] AH00094: Command line: 'e:\\xampp\\apache\\bin\\httpd.exe -d E:/xampp/apache'
[Tue May 08 15:43:57.179554 2018] [mpm_winnt:notice] [pid 780:tid 640] AH00418: Parent: Created child process 9736
[Tue May 08 15:43:57.867061 2018] [ssl:warn] [pid 9736:tid 684] AH01909: www.example.com:443:0 server certificate does NOT include an ID which matches the server name
[Tue May 08 15:43:58.038889 2018] [ssl:warn] [pid 9736:tid 684] AH01909: www.example.com:443:0 server certificate does NOT include an ID which matches the server name
PHP Warning:  Module 'fileinfo' already loaded in Unknown on line 0
[Tue May 08 15:43:58.132690 2018] [mpm_winnt:notice] [pid 9736:tid 684] AH00354: Child: Starting 150 worker threads.
[Tue May 08 20:24:15.951525 2018] [ssl:warn] [pid 8884:tid 688] AH01909: www.example.com:443:0 server certificate does NOT include an ID which matches the server name
[Tue May 08 20:24:16.250833 2018] [core:warn] [pid 8884:tid 688] AH00098: pid file E:/xampp/apache/logs/httpd.pid overwritten -- Unclean shutdown of previous Apache run?
[Tue May 08 20:24:16.266480 2018] [ssl:warn] [pid 8884:tid 688] AH01909: www.example.com:443:0 server certificate does NOT include an ID which matches the server name
PHP Warning:  Module 'fileinfo' already loaded in Unknown on line 0
[Tue May 08 20:24:19.373403 2018] [mpm_winnt:notice] [pid 8884:tid 688] AH00455: Apache/2.4.29 (Win32) OpenSSL/1.1.0g PHP/7.2.3 configured -- resuming normal operations
[Tue May 08 20:24:19.373403 2018] [mpm_winnt:notice] [pid 8884:tid 688] AH00456: Apache Lounge VC15 Server built: Nov  3 2017 10:30:36
[Tue May 08 20:24:19.373403 2018] [core:notice] [pid 8884:tid 688] AH00094: Command line: 'e:\\xampp\\apache\\bin\\httpd.exe -d E:/xampp/apache'
[Tue May 08 20:24:19.376913 2018] [mpm_winnt:notice] [pid 8884:tid 688] AH00418: Parent: Created child process 10184
[Tue May 08 20:24:20.117634 2018] [ssl:warn] [pid 10184:tid 664] AH01909: www.example.com:443:0 server certificate does NOT include an ID which matches the server name
[Tue May 08 20:24:20.305760 2018] [ssl:warn] [pid 10184:tid 664] AH01909: www.example.com:443:0 server certificate does NOT include an ID which matches the server name
PHP Warning:  Module 'fileinfo' already loaded in Unknown on line 0
[Tue May 08 20:24:20.421786 2018] [mpm_winnt:notice] [pid 10184:tid 664] AH00354: Child: Starting 150 worker threads.
[Tue May 15 09:50:58.808792 2018] [ssl:warn] [pid 5848:tid 588] AH01909: www.example.com:443:0 server certificate does NOT include an ID which matches the server name
[Tue May 15 09:50:58.964991 2018] [core:warn] [pid 5848:tid 588] AH00098: pid file E:/xampp/apache/logs/httpd.pid overwritten -- Unclean shutdown of previous Apache run?
[Tue May 15 09:50:58.964991 2018] [ssl:warn] [pid 5848:tid 588] AH01909: www.example.com:443:0 server certificate does NOT include an ID which matches the server name
PHP Warning:  Module 'fileinfo' already loaded in Unknown on line 0
[Tue May 15 09:51:01.748600 2018] [mpm_winnt:notice] [pid 5848:tid 588] AH00455: Apache/2.4.29 (Win32) OpenSSL/1.1.0g PHP/7.2.3 configured -- resuming normal operations
[Tue May 15 09:51:01.748600 2018] [mpm_winnt:notice] [pid 5848:tid 588] AH00456: Apache Lounge VC15 Server built: Nov  3 2017 10:30:36
[Tue May 15 09:51:01.748600 2018] [core:notice] [pid 5848:tid 588] AH00094: Command line: 'e:\\xampp\\apache\\bin\\httpd.exe -d E:/xampp/apache'
[Tue May 15 09:51:01.764191 2018] [mpm_winnt:notice] [pid 5848:tid 588] AH00418: Parent: Created child process 6580
[Tue May 15 09:51:02.311104 2018] [ssl:warn] [pid 6580:tid 704] AH01909: www.example.com:443:0 server certificate does NOT include an ID which matches the server name
[Tue May 15 09:51:02.374125 2018] [ssl:warn] [pid 6580:tid 704] AH01909: www.example.com:443:0 server certificate does NOT include an ID which matches the server name
PHP Warning:  Module 'fileinfo' already loaded in Unknown on line 0
[Tue May 15 09:51:02.546003 2018] [mpm_winnt:notice] [pid 6580:tid 704] AH00354: Child: Starting 150 worker threads.
[Thu May 17 14:41:44.726672 2018] [ssl:warn] [pid 10176:tid 720] AH01909: www.example.com:443:0 server certificate does NOT include an ID which matches the server name
[Thu May 17 14:41:44.914175 2018] [core:warn] [pid 10176:tid 720] AH00098: pid file E:/xampp/apache/logs/httpd.pid overwritten -- Unclean shutdown of previous Apache run?
[Thu May 17 14:41:44.914175 2018] [ssl:warn] [pid 10176:tid 720] AH01909: www.example.com:443:0 server certificate does NOT include an ID which matches the server name
PHP Warning:  Module 'fileinfo' already loaded in Unknown on line 0
[Thu May 17 14:41:47.853194 2018] [mpm_winnt:notice] [pid 10176:tid 720] AH00455: Apache/2.4.29 (Win32) OpenSSL/1.1.0g PHP/7.2.3 configured -- resuming normal operations
[Thu May 17 14:41:47.853194 2018] [mpm_winnt:notice] [pid 10176:tid 720] AH00456: Apache Lounge VC15 Server built: Nov  3 2017 10:30:36
[Thu May 17 14:41:47.853194 2018] [core:notice] [pid 10176:tid 720] AH00094: Command line: 'e:\\xampp\\apache\\bin\\httpd.exe -d E:/xampp/apache'
[Thu May 17 14:41:47.853194 2018] [mpm_winnt:notice] [pid 10176:tid 720] AH00418: Parent: Created child process 11360
[Thu May 17 14:41:48.480803 2018] [ssl:warn] [pid 11360:tid 704] AH01909: www.example.com:443:0 server certificate does NOT include an ID which matches the server name
[Thu May 17 14:41:48.543303 2018] [ssl:warn] [pid 11360:tid 704] AH01909: www.example.com:443:0 server certificate does NOT include an ID which matches the server name
PHP Warning:  Module 'fileinfo' already loaded in Unknown on line 0
[Thu May 17 14:41:48.621429 2018] [mpm_winnt:notice] [pid 11360:tid 704] AH00354: Child: Starting 150 worker threads.
[Fri May 18 15:12:21.237990 2018] [ssl:warn] [pid 1920:tid 696] AH01909: www.example.com:443:0 server certificate does NOT include an ID which matches the server name
[Fri May 18 15:12:21.755803 2018] [core:warn] [pid 1920:tid 696] AH00098: pid file E:/xampp/apache/logs/httpd.pid overwritten -- Unclean shutdown of previous Apache run?
[Fri May 18 15:12:21.755803 2018] [ssl:warn] [pid 1920:tid 696] AH01909: www.example.com:443:0 server certificate does NOT include an ID which matches the server name
PHP Warning:  Module 'fileinfo' already loaded in Unknown on line 0
[Fri May 18 15:12:25.894443 2018] [mpm_winnt:notice] [pid 1920:tid 696] AH00455: Apache/2.4.29 (Win32) OpenSSL/1.1.0g PHP/7.2.3 configured -- resuming normal operations
[Fri May 18 15:12:25.894443 2018] [mpm_winnt:notice] [pid 1920:tid 696] AH00456: Apache Lounge VC15 Server built: Nov  3 2017 10:30:36
[Fri May 18 15:12:25.894443 2018] [core:notice] [pid 1920:tid 696] AH00094: Command line: 'e:\\xampp\\apache\\bin\\httpd.exe -d E:/xampp/apache'
[Fri May 18 15:12:25.894443 2018] [mpm_winnt:notice] [pid 1920:tid 696] AH00418: Parent: Created child process 10676
[Fri May 18 15:12:26.550700 2018] [ssl:warn] [pid 10676:tid 700] AH01909: www.example.com:443:0 server certificate does NOT include an ID which matches the server name
[Fri May 18 15:12:26.691327 2018] [ssl:warn] [pid 10676:tid 700] AH01909: www.example.com:443:0 server certificate does NOT include an ID which matches the server name
PHP Warning:  Module 'fileinfo' already loaded in Unknown on line 0
[Fri May 18 15:12:27.047641 2018] [mpm_winnt:notice] [pid 10676:tid 700] AH00354: Child: Starting 150 worker threads.
[Sat May 19 10:51:18.915055 2018] [ssl:warn] [pid 2384:tid 692] AH01909: www.example.com:443:0 server certificate does NOT include an ID which matches the server name
[Sat May 19 10:51:19.680708 2018] [core:warn] [pid 2384:tid 692] AH00098: pid file E:/xampp/apache/logs/httpd.pid overwritten -- Unclean shutdown of previous Apache run?
[Sat May 19 10:51:19.680708 2018] [ssl:warn] [pid 2384:tid 692] AH01909: www.example.com:443:0 server certificate does NOT include an ID which matches the server name
PHP Warning:  Module 'fileinfo' already loaded in Unknown on line 0
[Sat May 19 10:51:24.946435 2018] [mpm_winnt:notice] [pid 2384:tid 692] AH00455: Apache/2.4.29 (Win32) OpenSSL/1.1.0g PHP/7.2.3 configured -- resuming normal operations
[Sat May 19 10:51:24.946435 2018] [mpm_winnt:notice] [pid 2384:tid 692] AH00456: Apache Lounge VC15 Server built: Nov  3 2017 10:30:36
[Sat May 19 10:51:24.946435 2018] [core:notice] [pid 2384:tid 692] AH00094: Command line: 'e:\\xampp\\apache\\bin\\httpd.exe -d E:/xampp/apache'
[Sat May 19 10:51:24.946435 2018] [mpm_winnt:notice] [pid 2384:tid 692] AH00418: Parent: Created child process 11328
[Sat May 19 10:51:25.743318 2018] [ssl:warn] [pid 11328:tid 712] AH01909: www.example.com:443:0 server certificate does NOT include an ID which matches the server name
[Sat May 19 10:51:25.883914 2018] [ssl:warn] [pid 11328:tid 712] AH01909: www.example.com:443:0 server certificate does NOT include an ID which matches the server name
PHP Warning:  Module 'fileinfo' already loaded in Unknown on line 0
[Sat May 19 10:51:25.977647 2018] [mpm_winnt:notice] [pid 11328:tid 712] AH00354: Child: Starting 150 worker threads.
[Sat May 19 11:08:52.710854 2018] [php7:error] [pid 11328:tid 1976] [client 127.0.0.1:58660] PHP Fatal error:  Uncaught Error: Call to undefined function theme() in E:\\xampp\\htdocs\\drupal7\\includes\\errors.inc:254\nStack trace:\n#0 E:\\xampp\\htdocs\\drupal7\\includes\\bootstrap.inc(2609): _drupal_log_error(Array, true)\n#1 [internal function]: _drupal_exception_handler(Object(ParseError))\n#2 {main}\n  thrown in E:\\xampp\\htdocs\\drupal7\\includes\\errors.inc on line 254
[Sat May 19 11:08:54.735231 2018] [php7:error] [pid 11328:tid 1964] [client 127.0.0.1:58661] PHP Fatal error:  Uncaught Error: Call to undefined function theme() in E:\\xampp\\htdocs\\drupal7\\includes\\errors.inc:254\nStack trace:\n#0 E:\\xampp\\htdocs\\drupal7\\includes\\bootstrap.inc(2609): _drupal_log_error(Array, true)\n#1 [internal function]: _drupal_exception_handler(Object(ParseError))\n#2 {main}\n  thrown in E:\\xampp\\htdocs\\drupal7\\includes\\errors.inc on line 254
[Sat May 19 11:08:59.663871 2018] [php7:error] [pid 11328:tid 1972] [client 127.0.0.1:58662] PHP Fatal error:  Uncaught Error: Call to undefined function theme() in E:\\xampp\\htdocs\\drupal7\\includes\\errors.inc:254\nStack trace:\n#0 E:\\xampp\\htdocs\\drupal7\\includes\\bootstrap.inc(2609): _drupal_log_error(Array, true)\n#1 [internal function]: _drupal_exception_handler(Object(ParseError))\n#2 {main}\n  thrown in E:\\xampp\\htdocs\\drupal7\\includes\\errors.inc on line 254
[Sat May 19 11:09:03.293483 2018] [php7:error] [pid 11328:tid 1976] [client 127.0.0.1:58666] PHP Fatal error:  Uncaught Error: Call to undefined function theme() in E:\\xampp\\htdocs\\drupal7\\includes\\errors.inc:254\nStack trace:\n#0 E:\\xampp\\htdocs\\drupal7\\includes\\bootstrap.inc(2609): _drupal_log_error(Array, true)\n#1 [internal function]: _drupal_exception_handler(Object(ParseError))\n#2 {main}\n  thrown in E:\\xampp\\htdocs\\drupal7\\includes\\errors.inc on line 254
[Sat May 19 11:09:11.441377 2018] [php7:error] [pid 11328:tid 1976] [client 127.0.0.1:58687] PHP Fatal error:  Uncaught Error: Call to undefined function theme() in E:\\xampp\\htdocs\\drupal7\\includes\\errors.inc:254\nStack trace:\n#0 E:\\xampp\\htdocs\\drupal7\\includes\\bootstrap.inc(2609): _drupal_log_error(Array, true)\n#1 [internal function]: _drupal_exception_handler(Object(ParseError))\n#2 {main}\n  thrown in E:\\xampp\\htdocs\\drupal7\\includes\\errors.inc on line 254
[Sat May 19 11:10:00.057123 2018] [ssl:warn] [pid 11308:tid 684] AH01909: www.example.com:443:0 server certificate does NOT include an ID which matches the server name
[Sat May 19 11:10:00.119622 2018] [core:warn] [pid 11308:tid 684] AH00098: pid file E:/xampp/apache/logs/httpd.pid overwritten -- Unclean shutdown of previous Apache run?
[Sat May 19 11:10:00.139260 2018] [ssl:warn] [pid 11308:tid 684] AH01909: www.example.com:443:0 server certificate does NOT include an ID which matches the server name
PHP Warning:  Module 'fileinfo' already loaded in Unknown on line 0
[Sat May 19 11:10:00.420431 2018] [mpm_winnt:notice] [pid 11308:tid 684] AH00455: Apache/2.4.29 (Win32) OpenSSL/1.1.0g PHP/7.2.3 configured -- resuming normal operations
[Sat May 19 11:10:00.420431 2018] [mpm_winnt:notice] [pid 11308:tid 684] AH00456: Apache Lounge VC15 Server built: Nov  3 2017 10:30:36
[Sat May 19 11:10:00.420431 2018] [core:notice] [pid 11308:tid 684] AH00094: Command line: 'e:\\xampp\\apache\\bin\\httpd.exe -d E:/xampp/apache'
[Sat May 19 11:10:00.420431 2018] [mpm_winnt:notice] [pid 11308:tid 684] AH00418: Parent: Created child process 5920
[Sat May 19 11:10:01.015093 2018] [ssl:warn] [pid 5920:tid 664] AH01909: www.example.com:443:0 server certificate does NOT include an ID which matches the server name
[Sat May 19 11:10:01.083380 2018] [ssl:warn] [pid 5920:tid 664] AH01909: www.example.com:443:0 server certificate does NOT include an ID which matches the server name
PHP Warning:  Module 'fileinfo' already loaded in Unknown on line 0
[Sat May 19 11:10:01.130341 2018] [mpm_winnt:notice] [pid 5920:tid 664] AH00354: Child: Starting 150 worker threads.
[Sat May 19 11:10:05.392308 2018] [php7:error] [pid 5920:tid 1976] [client 127.0.0.1:58702] PHP Fatal error:  Uncaught Error: Call to undefined function theme() in E:\\xampp\\htdocs\\drupal7\\includes\\errors.inc:254\nStack trace:\n#0 E:\\xampp\\htdocs\\drupal7\\includes\\bootstrap.inc(2609): _drupal_log_error(Array, true)\n#1 [internal function]: _drupal_exception_handler(Object(ParseError))\n#2 {main}\n  thrown in E:\\xampp\\htdocs\\drupal7\\includes\\errors.inc on line 254
[Sat May 19 11:10:35.915213 2018] [php7:error] [pid 5920:tid 1976] [client 127.0.0.1:58730] PHP Fatal error:  Uncaught Error: Call to undefined function theme() in E:\\xampp\\htdocs\\drupal7\\includes\\errors.inc:254\nStack trace:\n#0 E:\\xampp\\htdocs\\drupal7\\includes\\bootstrap.inc(2609): _drupal_log_error(Array, true)\n#1 [internal function]: _drupal_exception_handler(Object(ParseError))\n#2 {main}\n  thrown in E:\\xampp\\htdocs\\drupal7\\includes\\errors.inc on line 254
[Sat May 19 11:10:55.325369 2018] [php7:error] [pid 5920:tid 1976] [client 127.0.0.1:58754] PHP Fatal error:  Uncaught Error: Call to undefined function theme() in E:\\xampp\\htdocs\\drupal7\\includes\\errors.inc:254\nStack trace:\n#0 E:\\xampp\\htdocs\\drupal7\\includes\\bootstrap.inc(2609): _drupal_log_error(Array, true)\n#1 [internal function]: _drupal_exception_handler(Object(ParseError))\n#2 {main}\n  thrown in E:\\xampp\\htdocs\\drupal7\\includes\\errors.inc on line 254
[Sat May 19 11:11:11.235403 2018] [ssl:warn] [pid 2820:tid 716] AH01909: www.example.com:443:0 server certificate does NOT include an ID which matches the server name
[Sat May 19 11:11:11.313553 2018] [core:warn] [pid 2820:tid 716] AH00098: pid file E:/xampp/apache/logs/httpd.pid overwritten -- Unclean shutdown of previous Apache run?
[Sat May 19 11:11:11.330684 2018] [ssl:warn] [pid 2820:tid 716] AH01909: www.example.com:443:0 server certificate does NOT include an ID which matches the server name
PHP Warning:  Module 'fileinfo' already loaded in Unknown on line 0
[Sat May 19 11:11:11.366688 2018] [mpm_winnt:notice] [pid 2820:tid 716] AH00455: Apache/2.4.29 (Win32) OpenSSL/1.1.0g PHP/7.2.3 configured -- resuming normal operations
[Sat May 19 11:11:11.366688 2018] [mpm_winnt:notice] [pid 2820:tid 716] AH00456: Apache Lounge VC15 Server built: Nov  3 2017 10:30:36
[Sat May 19 11:11:11.366688 2018] [core:notice] [pid 2820:tid 716] AH00094: Command line: 'e:\\xampp\\apache\\bin\\httpd.exe -d E:/xampp/apache'
[Sat May 19 11:11:11.366688 2018] [mpm_winnt:notice] [pid 2820:tid 716] AH00418: Parent: Created child process 7232
[Sat May 19 11:11:12.158610 2018] [ssl:warn] [pid 7232:tid 680] AH01909: www.example.com:443:0 server certificate does NOT include an ID which matches the server name
[Sat May 19 11:11:12.226700 2018] [ssl:warn] [pid 7232:tid 680] AH01909: www.example.com:443:0 server certificate does NOT include an ID which matches the server name
PHP Warning:  Module 'fileinfo' already loaded in Unknown on line 0
[Sat May 19 11:11:12.258035 2018] [mpm_winnt:notice] [pid 7232:tid 680] AH00354: Child: Starting 150 worker threads.
[Sat May 19 11:11:16.966716 2018] [php7:error] [pid 7232:tid 1976] [client 127.0.0.1:58765] PHP Fatal error:  Uncaught Error: Call to undefined function theme() in E:\\xampp\\htdocs\\drupal7\\includes\\errors.inc:254\nStack trace:\n#0 E:\\xampp\\htdocs\\drupal7\\includes\\bootstrap.inc(2609): _drupal_log_error(Array, true)\n#1 [internal function]: _drupal_exception_handler(Object(ParseError))\n#2 {main}\n  thrown in E:\\xampp\\htdocs\\drupal7\\includes\\errors.inc on line 254
[Sat May 19 11:12:55.829534 2018] [php7:error] [pid 7232:tid 1936] [client 127.0.0.1:58814] PHP Fatal error:  Uncaught Error: Call to undefined function theme() in E:\\xampp\\htdocs\\drupal7\\includes\\errors.inc:254\nStack trace:\n#0 E:\\xampp\\htdocs\\drupal7\\includes\\bootstrap.inc(2609): _drupal_log_error(Array, true)\n#1 [internal function]: _drupal_exception_handler(Object(ParseError))\n#2 {main}\n  thrown in E:\\xampp\\htdocs\\drupal7\\includes\\errors.inc on line 254
[Sat May 19 11:13:49.715676 2018] [php7:error] [pid 7232:tid 1936] [client 127.0.0.1:58818] PHP Fatal error:  Uncaught Error: Call to undefined function theme() in E:\\xampp\\htdocs\\drupal7\\includes\\errors.inc:254\nStack trace:\n#0 E:\\xampp\\htdocs\\drupal7\\includes\\bootstrap.inc(2609): _drupal_log_error(Array, true)\n#1 [internal function]: _drupal_exception_handler(Object(ParseError))\n#2 {main}\n  thrown in E:\\xampp\\htdocs\\drupal7\\includes\\errors.inc on line 254
[Sat May 19 16:15:02.874272 2018] [ssl:warn] [pid 1592:tid 616] AH01909: www.example.com:443:0 server certificate does NOT include an ID which matches the server name
[Sat May 19 16:15:03.290523 2018] [core:warn] [pid 1592:tid 616] AH00098: pid file E:/xampp/apache/logs/httpd.pid overwritten -- Unclean shutdown of previous Apache run?
[Sat May 19 16:15:03.306118 2018] [ssl:warn] [pid 1592:tid 616] AH01909: www.example.com:443:0 server certificate does NOT include an ID which matches the server name
PHP Warning:  Module 'fileinfo' already loaded in Unknown on line 0
[Sat May 19 16:15:07.279252 2018] [mpm_winnt:notice] [pid 1592:tid 616] AH00455: Apache/2.4.29 (Win32) OpenSSL/1.1.0g PHP/7.2.3 configured -- resuming normal operations
[Sat May 19 16:15:07.279252 2018] [mpm_winnt:notice] [pid 1592:tid 616] AH00456: Apache Lounge VC15 Server built: Nov  3 2017 10:30:36
[Sat May 19 16:15:07.279252 2018] [core:notice] [pid 1592:tid 616] AH00094: Command line: 'e:\\xampp\\apache\\bin\\httpd.exe -d E:/xampp/apache'
[Sat May 19 16:15:07.294930 2018] [mpm_winnt:notice] [pid 1592:tid 616] AH00418: Parent: Created child process 8084
[Sat May 19 16:15:07.843211 2018] [ssl:warn] [pid 8084:tid 704] AH01909: www.example.com:443:0 server certificate does NOT include an ID which matches the server name
[Sat May 19 16:15:07.943321 2018] [ssl:warn] [pid 8084:tid 704] AH01909: www.example.com:443:0 server certificate does NOT include an ID which matches the server name
PHP Warning:  Module 'fileinfo' already loaded in Unknown on line 0
[Sat May 19 16:15:08.065345 2018] [mpm_winnt:notice] [pid 8084:tid 704] AH00354: Child: Starting 150 worker threads.
[Sat May 19 16:29:43.619747 2018] [ssl:warn] [pid 1040:tid 680] AH01909: www.example.com:443:0 server certificate does NOT include an ID which matches the server name
[Sat May 19 16:29:43.703942 2018] [core:warn] [pid 1040:tid 680] AH00098: pid file E:/xampp/apache/logs/httpd.pid overwritten -- Unclean shutdown of previous Apache run?
[Sat May 19 16:29:43.719563 2018] [ssl:warn] [pid 1040:tid 680] AH01909: www.example.com:443:0 server certificate does NOT include an ID which matches the server name
PHP Warning:  Module 'fileinfo' already loaded in Unknown on line 0
[Sat May 19 16:29:43.772955 2018] [mpm_winnt:notice] [pid 1040:tid 680] AH00455: Apache/2.4.29 (Win32) OpenSSL/1.1.0g PHP/7.2.3 configured -- resuming normal operations
[Sat May 19 16:29:43.772955 2018] [mpm_winnt:notice] [pid 1040:tid 680] AH00456: Apache Lounge VC15 Server built: Nov  3 2017 10:30:36
[Sat May 19 16:29:43.772955 2018] [core:notice] [pid 1040:tid 680] AH00094: Command line: 'e:\\xampp\\apache\\bin\\httpd.exe -d E:/xampp/apache'
[Sat May 19 16:29:43.772955 2018] [mpm_winnt:notice] [pid 1040:tid 680] AH00418: Parent: Created child process 5384
[Sat May 19 16:29:44.490134 2018] [ssl:warn] [pid 5384:tid 668] AH01909: www.example.com:443:0 server certificate does NOT include an ID which matches the server name
[Sat May 19 16:29:44.574773 2018] [ssl:warn] [pid 5384:tid 668] AH01909: www.example.com:443:0 server certificate does NOT include an ID which matches the server name
PHP Warning:  Module 'fileinfo' already loaded in Unknown on line 0
[Sat May 19 16:29:44.621648 2018] [mpm_winnt:notice] [pid 5384:tid 668] AH00354: Child: Starting 150 worker threads.
[Sat May 19 16:30:27.088116 2018] [ssl:warn] [pid 11792:tid 676] AH01909: www.example.com:443:0 server certificate does NOT include an ID which matches the server name
[Sat May 19 16:30:27.188406 2018] [core:warn] [pid 11792:tid 676] AH00098: pid file E:/xampp/apache/logs/httpd.pid overwritten -- Unclean shutdown of previous Apache run?
[Sat May 19 16:30:27.204014 2018] [ssl:warn] [pid 11792:tid 676] AH01909: www.example.com:443:0 server certificate does NOT include an ID which matches the server name
PHP Warning:  Module 'fileinfo' already loaded in Unknown on line 0
[Sat May 19 16:30:27.250887 2018] [mpm_winnt:notice] [pid 11792:tid 676] AH00455: Apache/2.4.29 (Win32) OpenSSL/1.1.0g PHP/7.2.3 configured -- resuming normal operations
[Sat May 19 16:30:27.250887 2018] [mpm_winnt:notice] [pid 11792:tid 676] AH00456: Apache Lounge VC15 Server built: Nov  3 2017 10:30:36
[Sat May 19 16:30:27.250887 2018] [core:notice] [pid 11792:tid 676] AH00094: Command line: 'e:\\xampp\\apache\\bin\\httpd.exe -d E:/xampp/apache'
[Sat May 19 16:30:27.250887 2018] [mpm_winnt:notice] [pid 11792:tid 676] AH00418: Parent: Created child process 7496
[Sat May 19 16:30:28.032245 2018] [ssl:warn] [pid 7496:tid 680] AH01909: www.example.com:443:0 server certificate does NOT include an ID which matches the server name
[Sat May 19 16:30:28.116912 2018] [ssl:warn] [pid 7496:tid 680] AH01909: www.example.com:443:0 server certificate does NOT include an ID which matches the server name
PHP Warning:  Module 'fileinfo' already loaded in Unknown on line 0
[Sat May 19 16:30:28.154140 2018] [mpm_winnt:notice] [pid 7496:tid 680] AH00354: Child: Starting 150 worker threads.
[Sat May 19 18:36:40.840587 2018] [ssl:warn] [pid 5384:tid 668] AH01909: www.example.com:443:0 server certificate does NOT include an ID which matches the server name
[Sat May 19 18:36:41.699973 2018] [core:warn] [pid 5384:tid 668] AH00098: pid file E:/xampp/apache/logs/httpd.pid overwritten -- Unclean shutdown of previous Apache run?
[Sat May 19 18:36:41.715571 2018] [ssl:warn] [pid 5384:tid 668] AH01909: www.example.com:443:0 server certificate does NOT include an ID which matches the server name
PHP Warning:  Module 'fileinfo' already loaded in Unknown on line 0
[Sat May 19 18:36:48.809439 2018] [mpm_winnt:notice] [pid 5384:tid 668] AH00455: Apache/2.4.29 (Win32) OpenSSL/1.1.0g PHP/7.2.3 configured -- resuming normal operations
[Sat May 19 18:36:48.809439 2018] [mpm_winnt:notice] [pid 5384:tid 668] AH00456: Apache Lounge VC15 Server built: Nov  3 2017 10:30:36
[Sat May 19 18:36:48.809439 2018] [core:notice] [pid 5384:tid 668] AH00094: Command line: 'e:\\xampp\\apache\\bin\\httpd.exe -d E:/xampp/apache'
[Sat May 19 18:36:48.809439 2018] [mpm_winnt:notice] [pid 5384:tid 668] AH00418: Parent: Created child process 3172
[Sat May 19 18:36:49.496917 2018] [ssl:warn] [pid 3172:tid 716] AH01909: www.example.com:443:0 server certificate does NOT include an ID which matches the server name
[Sat May 19 18:36:49.621949 2018] [ssl:warn] [pid 3172:tid 716] AH01909: www.example.com:443:0 server certificate does NOT include an ID which matches the server name
PHP Warning:  Module 'fileinfo' already loaded in Unknown on line 0
[Sat May 19 18:36:49.809453 2018] [mpm_winnt:notice] [pid 3172:tid 716] AH00354: Child: Starting 150 worker threads.
[Sat May 19 20:13:55.355838 2018] [ssl:warn] [pid 10964:tid 660] AH01909: www.example.com:443:0 server certificate does NOT include an ID which matches the server name
[Sat May 19 20:13:55.496500 2018] [core:warn] [pid 10964:tid 660] AH00098: pid file E:/xampp/apache/logs/httpd.pid overwritten -- Unclean shutdown of previous Apache run?
[Sat May 19 20:13:55.496500 2018] [ssl:warn] [pid 10964:tid 660] AH01909: www.example.com:443:0 server certificate does NOT include an ID which matches the server name
PHP Warning:  Module 'fileinfo' already loaded in Unknown on line 0
[Sat May 19 20:13:55.746473 2018] [mpm_winnt:notice] [pid 10964:tid 660] AH00455: Apache/2.4.29 (Win32) OpenSSL/1.1.0g PHP/7.2.3 configured -- resuming normal operations
[Sat May 19 20:13:55.746473 2018] [mpm_winnt:notice] [pid 10964:tid 660] AH00456: Apache Lounge VC15 Server built: Nov  3 2017 10:30:36
[Sat May 19 20:13:55.746473 2018] [core:notice] [pid 10964:tid 660] AH00094: Command line: 'e:\\xampp\\apache\\bin\\httpd.exe -d E:/xampp/apache'
[Sat May 19 20:13:55.762093 2018] [mpm_winnt:notice] [pid 10964:tid 660] AH00418: Parent: Created child process 2384
[Sat May 19 20:13:56.433977 2018] [ssl:warn] [pid 2384:tid 716] AH01909: www.example.com:443:0 server certificate does NOT include an ID which matches the server name
[Sat May 19 20:13:56.637156 2018] [ssl:warn] [pid 2384:tid 716] AH01909: www.example.com:443:0 server certificate does NOT include an ID which matches the server name
PHP Warning:  Module 'fileinfo' already loaded in Unknown on line 0
[Sat May 19 20:13:56.684002 2018] [mpm_winnt:notice] [pid 2384:tid 716] AH00354: Child: Starting 150 worker threads.
